Log file open, 12/01/17 08:24:03
LogWindows: Failed to load 'aqProf.dll' (GetLastError=126)
LogWindows: File 'aqProf.dll' does not exist
LogWindows: Failed to load 'VtuneApi.dll' (GetLastError=126)
LogWindows: File 'VtuneApi.dll' does not exist
LogWindows: Failed to load 'VtuneApi32e.dll' (GetLastError=126)
LogWindows: File 'VtuneApi32e.dll' does not exist
LogInit: Display: Running engine for game: Crosswind
LogPlatformFile: Not using cached read wrapper
LogInit: Display: RandInit(1673652521) SRandInit(1673652522).
LogInit: Read version file with build ID '3709383'
LogInit: Overriding engine version to CL 3754814, compatible CL 3709383
LogInit: Registered custom module enumerator with build ID '3709383'
LogTaskGraph: Started task graph with 5 named threads and 20 total threads with 3 sets of task threads.
LogStats: Stats thread started at 0.277287
LogD3D11RHI: Aftermath initialized
LogModuleManager: Display: Found up-to-date module file ../../../Engine/Plugins/2D/Paper2D/Binaries/Win64/UE4Editor-Paper2D.dll (API version 3709383).
LogModuleManager: Display: Found up-to-date module file ../../../Engine/Plugins/2D/Paper2D/Binaries/Win64/UE4Editor-Paper2DEditor.dll (API version 3709383).
LogModuleManager: Display: Found up-to-date module file ../../../Engine/Plugins/2D/Paper2D/Binaries/Win64/UE4Editor-PaperSpriteSheetImporter.dll (API version 3709383).
LogModuleManager: Display: Found up-to-date module file ../../../Engine/Plugins/2D/Paper2D/Binaries/Win64/UE4Editor-PaperTiledImporter.dll (API version 3709383).
LogModuleManager: Display: Found up-to-date module file ../../../Engine/Plugins/2D/Paper2D/Binaries/Win64/UE4Editor-SmartSnapping.dll (API version 3709383).
LogModuleManager: Display: Found up-to-date module file ../../../Engine/Plugins/Blendables/LightPropagationVolume/Binaries/Win64/UE4Editor-LightPropagationVolumeRuntime.dll (API version 3709383).
LogModuleManager: Display: Found up-to-date module file ../../../Engine/Plugins/Blendables/LightPropagationVolume/Binaries/Win64/UE4Editor-LightPropagationVolumeEditor.dll (API version 3709383).
LogModuleManager: Display: Found up-to-date module file ../../../Engine/Plugins/Developer/GitSourceControl/Binaries/Win64/UE4Editor-GitSourceControl.dll (API version 3709383).
LogModuleManager: Display: Found up-to-date module file ../../../Engine/Plugins/Developer/PerforceSourceControl/Binaries/Win64/UE4Editor-PerforceSourceControl.dll (API version 3709383).
LogModuleManager: Display: Found up-to-date module file ../../../Engine/Plugins/Developer/SubversionSourceControl/Binaries/Win64/UE4Editor-SubversionSourceControl.dll (API version 3709383).
LogModuleManager: Display: Found up-to-date module file ../../../Engine/Plugins/Developer/UObjectPlugin/Binaries/Win64/UE4Editor-UObjectPlugin.dll (API version 3709383).
LogModuleManager: Display: Found up-to-date module file ../../../Engine/Plugins/Developer/VisualStudioCodeSourceCodeAccess/Binaries/Win64/UE4Editor-VisualStudioCodeSourceCodeAccess.dll (API version 3709383).
LogModuleManager: Display: Found up-to-date module file ../../../Engine/Plugins/Developer/VisualStudioSourceCodeAccess/Binaries/Win64/UE4Editor-VisualStudioSourceCodeAccess.dll (API version 3709383).
LogModuleManager: Display: Found up-to-date module file ../../../Engine/Plugins/Editor/AssetManagerEditor/Binaries/Win64/UE4Editor-AssetManagerEditor.dll (API version 3709383).
LogModuleManager: Display: Found up-to-date module file ../../../Engine/Plugins/Editor/AudioCapture/Binaries/Win64/UE4Editor-AudioCapture.dll (API version 3709383).
LogModuleManager: Display: Found up-to-date module file ../../../Engine/Plugins/Editor/FacialAnimation/Binaries/Win64/UE4Editor-FacialAnimation.dll (API version 3709383).
LogModuleManager: Display: Found up-to-date module file ../../../Engine/Plugins/Editor/FacialAnimation/Binaries/Win64/UE4Editor-FacialAnimationEditor.dll (API version 3709383).
LogModuleManager: Display: Found up-to-date module file ../../../Engine/Plugins/Editor/GameplayTagsEditor/Binaries/Win64/UE4Editor-GameplayTagsEditor.dll (API version 3709383).
LogModuleManager: Display: Found up-to-date module file ../../../Engine/Plugins/Editor/MobileLauncherProfileWizard/Binaries/Win64/UE4Editor-MobileLauncherProfileWizard.dll (API version 3709383).
LogModuleManager: Display: Found up-to-date module file ../../../Engine/Plugins/Editor/PluginBrowser/Binaries/Win64/UE4Editor-PluginBrowser.dll (API version 3709383).
LogModuleManager: Display: Found up-to-date module file ../../../Engine/Plugins/Editor/SpeedTreeImporter/Binaries/Win64/UE4Editor-SpeedTreeImporter.dll (API version 3709383).
LogModuleManager: Display: Found up-to-date module file ../../../Engine/Plugins/Experimental/AlembicImporter/Binaries/Win64/UE4Editor-AlembicImporter.dll (API version 3709383).
LogModuleManager: Display: Found up-to-date module file ../../../Engine/Plugins/Experimental/AlembicImporter/Binaries/Win64/UE4Editor-AlembicLibrary.dll (API version 3709383).
LogModuleManager: Display: Found up-to-date module file ../../../Engine/Plugins/Experimental/CharacterAI/Binaries/Win64/UE4Editor-CharacterAI.dll (API version 3709383).
LogModuleManager: Display: Found up-to-date module file ../../../Engine/Plugins/Experimental/HTML5Networking/Binaries/Win64/UE4Editor-HTML5Networking.dll (API version 3709383).
LogModuleManager: Display: Found up-to-date module file ../../../Engine/Plugins/Media/AndroidMedia/Binaries/Win64/UE4Editor-AndroidMediaEditor.dll (API version 3709383).
LogModuleManager: Display: Found up-to-date module file ../../../Engine/Plugins/Media/AndroidMedia/Binaries/Win64/UE4Editor-AndroidMediaFactory.dll (API version 3709383).
LogModuleManager: Display: Found up-to-date module file ../../../Engine/Plugins/Media/AvfMedia/Binaries/Win64/UE4Editor-AvfMediaEditor.dll (API version 3709383).
LogModuleManager: Display: Found up-to-date module file ../../../Engine/Plugins/Media/AvfMedia/Binaries/Win64/UE4Editor-AvfMediaFactory.dll (API version 3709383).
LogModuleManager: Display: Found up-to-date module file ../../../Engine/Plugins/Media/AvfMedia/Binaries/Win64/UE4Editor-AvfMediaFactory.dll (API version 3709383).
LogModuleManager: Display: Found up-to-date module file ../../../Engine/Plugins/Media/ImgMedia/Binaries/Win64/UE4Editor-ImgMedia.dll (API version 3709383).
LogModuleManager: Display: Found up-to-date module file ../../../Engine/Plugins/Media/ImgMedia/Binaries/Win64/UE4Editor-ImgMediaEditor.dll (API version 3709383).
LogModuleManager: Display: Found up-to-date module file ../../../Engine/Plugins/Media/ImgMedia/Binaries/Win64/UE4Editor-ImgMediaFactory.dll (API version 3709383).
LogModuleManager: Display: Found up-to-date module file ../../../Engine/Plugins/Media/ImgMedia/Binaries/Win64/UE4Editor-ImgMediaFactory.dll (API version 3709383).
LogModuleManager: Display: Found up-to-date module file ../../../Engine/Plugins/Media/ImgMedia/Binaries/Win64/UE4Editor-OpenExrWrapper.dll (API version 3709383).
LogModuleManager: Display: Found up-to-date module file ../../../Engine/Plugins/Media/MediaCompositing/Binaries/Win64/UE4Editor-MediaCompositing.dll (API version 3709383).
LogModuleManager: Display: Found up-to-date module file ../../../Engine/Plugins/Media/MediaCompositing/Binaries/Win64/UE4Editor-MediaCompositingEditor.dll (API version 3709383).
LogModuleManager: Display: Found up-to-date module file ../../../Engine/Plugins/Media/MediaPlayerEditor/Binaries/Win64/UE4Editor-MediaPlayerEditor.dll (API version 3709383).
LogModuleManager: Display: Found up-to-date module file ../../../Engine/Plugins/Media/WmfMedia/Binaries/Win64/UE4Editor-WmfMedia.dll (API version 3709383).
LogModuleManager: Display: Found up-to-date module file ../../../Engine/Plugins/Media/WmfMedia/Binaries/Win64/UE4Editor-WmfMediaEditor.dll (API version 3709383).
LogModuleManager: Display: Found up-to-date module file ../../../Engine/Plugins/Media/WmfMedia/Binaries/Win64/UE4Editor-WmfMediaFactory.dll (API version 3709383).
LogModuleManager: Display: Found up-to-date module file ../../../Engine/Plugins/Media/WmfMedia/Binaries/Win64/UE4Editor-WmfMediaFactory.dll (API version 3709383).
LogModuleManager: Display: Found up-to-date module file ../../../Engine/Plugins/Messaging/TcpMessaging/Binaries/Win64/UE4Editor-TcpMessaging.dll (API version 3709383).
LogModuleManager: Display: Found up-to-date module file ../../../Engine/Plugins/Messaging/UdpMessaging/Binaries/Win64/UE4Editor-UdpMessaging.dll (API version 3709383).
LogModuleManager: Display: Found up-to-date module file ../../../Engine/Plugins/MovieScene/ActorSequence/Binaries/Win64/UE4Editor-ActorSequence.dll (API version 3709383).
LogModuleManager: Display: Found up-to-date module file ../../../Engine/Plugins/MovieScene/LevelSequenceEditor/Binaries/Win64/UE4Editor-LevelSequenceEditor.dll (API version 3709383).
LogModuleManager: Display: Found up-to-date module file ../../../Engine/Plugins/MovieScene/MatineeToLevelSequence/Binaries/Win64/UE4Editor-MatineeToLevelSequence.dll (API version 3709383).
LogModuleManager: Display: Found up-to-date module file ../../../Engine/Plugins/Online/OnlineSubsystem/Binaries/Win64/UE4Editor-OnlineSubsystem.dll (API version 3709383).
LogModuleManager: Display: Found up-to-date module file ../../../Engine/Plugins/Runtime/AndroidPermission/Binaries/Win64/UE4Editor-AndroidPermission.dll (API version 3709383).
LogModuleManager: Display: Found up-to-date module file ../../../Engine/Plugins/Online/OnlineSubsystemNull/Binaries/Win64/UE4Editor-OnlineSubsystemNull.dll (API version 3709383).
LogModuleManager: Display: Found up-to-date module file ../../../Engine/Plugins/Online/OnlineSubsystemUtils/Binaries/Win64/UE4Editor-OnlineSubsystemUtils.dll (API version 3709383).
LogModuleManager: Display: Found up-to-date module file ../../../Engine/Plugins/Online/OnlineSubsystemUtils/Binaries/Win64/UE4Editor-OnlineBlueprintSupport.dll (API version 3709383).
LogModuleManager: Display: Found up-to-date module file ../../../Engine/Plugins/Runtime/AndroidDeviceProfileSelector/Binaries/Win64/UE4Editor-AndroidDeviceProfileSelector.dll (API version 3709383).
LogModuleManager: Display: Found up-to-date module file ../../../Engine/Plugins/Runtime/AppleARKit/Binaries/Win64/UE4Editor-AppleARKit.dll (API version 3709383).
LogModuleManager: Display: Found up-to-date module file ../../../Engine/Plugins/Runtime/ArchVisCharacter/Binaries/Win64/UE4Editor-ArchVisCharacter.dll (API version 3709383).
LogModuleManager: Display: Found up-to-date module file ../../../Engine/Plugins/Runtime/CableComponent/Binaries/Win64/UE4Editor-CableComponent.dll (API version 3709383).
LogModuleManager: Display: Found up-to-date module file ../../../Engine/Plugins/Runtime/CustomMeshComponent/Binaries/Win64/UE4Editor-CustomMeshComponent.dll (API version 3709383).
LogModuleManager: Display: Found up-to-date module file ../../../Engine/Plugins/Runtime/ExampleDeviceProfileSelector/Binaries/Win64/UE4Editor-ExampleDeviceProfileSelector.dll (API version 3709383).
LogModuleManager: Display: Found up-to-date module file ../../../Engine/Plugins/Runtime/ImmediatePhysics/Binaries/Win64/UE4Editor-ImmediatePhysics.dll (API version 3709383).
LogModuleManager: Display: Found up-to-date module file ../../../Engine/Plugins/Runtime/ImmediatePhysics/Binaries/Win64/UE4Editor-ImmediatePhysicsEditor.dll (API version 3709383).
LogModuleManager: Display: Found up-to-date module file ../../../Engine/Plugins/Runtime/LocationServicesBPLibrary/Binaries/Win64/UE4Editor-LocationServicesBPLibrary.dll (API version 3709383).
LogModuleManager: Display: Found up-to-date module file ../../../Engine/Plugins/Runtime/MobilePatchingUtils/Binaries/Win64/UE4Editor-MobilePatchingUtils.dll (API version 3709383).
LogModuleManager: Display: Found up-to-date module file ../../../Engine/Plugins/Runtime/Oculus/OculusVR/Binaries/Win64/UE4Editor-OculusHMD.dll (API version 3709383).
LogModuleManager: Display: Found up-to-date module file ../../../Engine/Plugins/Runtime/Oculus/OculusVR/Binaries/Win64/UE4Editor-OculusInput.dll (API version 3709383).
LogModuleManager: Display: Found up-to-date module file ../../../Engine/Plugins/Runtime/Oculus/OculusVR/Binaries/Win64/UE4Editor-OculusEditor.dll (API version 3709383).
LogModuleManager: Display: Found up-to-date module file ../../../Engine/Plugins/Runtime/PhysXVehicles/Binaries/Win64/UE4Editor-PhysXVehicles.dll (API version 3709383).
LogModuleManager: Display: Found up-to-date module file ../../../Engine/Plugins/Runtime/PhysXVehicles/Binaries/Win64/UE4Editor-PhysXVehiclesEditor.dll (API version 3709383).
LogModuleManager: Display: Found up-to-date module file ../../../Engine/Plugins/Runtime/ProceduralMeshComponent/Binaries/Win64/UE4Editor-ProceduralMeshComponent.dll (API version 3709383).
LogModuleManager: Display: Found up-to-date module file ../../../Engine/Plugins/Runtime/ProceduralMeshComponent/Binaries/Win64/UE4Editor-ProceduralMeshComponentEditor.dll (API version 3709383).
LogModuleManager: Display: Found up-to-date module file ../../../Engine/Plugins/Runtime/RuntimePhysXCooking/Binaries/Win64/UE4Editor-RuntimePhysXCooking.dll (API version 3709383).
LogModuleManager: Display: Found up-to-date module file ../../../Engine/Plugins/Runtime/Steam/SteamVR/Binaries/Win64/UE4Editor-SteamVR.dll (API version 3709383).
LogModuleManager: Display: Found up-to-date module file ../../../Engine/Plugins/Runtime/Steam/SteamVR/Binaries/Win64/UE4Editor-SteamVRController.dll (API version 3709383).
LogModuleManager: Display: Found up-to-date module file ../../../Engine/Plugins/Runtime/WindowsMoviePlayer/Binaries/Win64/UE4Editor-WindowsMoviePlayer.dll (API version 3709383).
LogPluginManager: Mounting plugin Paper2D
LogPluginManager: Mounting plugin LightPropagationVolume
LogPluginManager: Mounting plugin CodeLiteSourceCodeAccess
LogPluginManager: Mounting plugin GitSourceControl
LogPluginManager: Mounting plugin KDevelopSourceCodeAccess
LogPluginManager: Mounting plugin NullSourceCodeAccess
LogPluginManager: Mounting plugin PerforceSourceControl
LogPluginManager: Mounting plugin SubversionSourceControl
LogPluginManager: Mounting plugin UObjectPlugin
LogPluginManager: Mounting plugin VisualStudioCodeSourceCodeAccess
LogPluginManager: Mounting plugin VisualStudioSourceCodeAccess
LogPluginManager: Mounting plugin XCodeSourceCodeAccess
LogPluginManager: Mounting plugin AssetManagerEditor
LogPluginManager: Mounting plugin AudioCapture
LogPluginManager: Mounting plugin FacialAnimation
LogPluginManager: Mounting plugin GameplayTagsEditor
LogPluginManager: Mounting plugin MobileLauncherProfileWizard
LogPluginManager: Mounting plugin PluginBrowser
LogPluginManager: Mounting plugin SpeedTreeImporter
LogPluginManager: Mounting plugin AlembicImporter
LogPluginManager: Mounting plugin CharacterAI
LogPluginManager: Mounting plugin HTML5Networking
LogPluginManager: Mounting plugin AndroidMedia
LogPluginManager: Mounting plugin AvfMedia
LogPluginManager: Mounting plugin ImgMedia
LogPluginManager: Mounting plugin MediaCompositing
LogPluginManager: Mounting plugin MediaPlayerEditor
LogPluginManager: Mounting plugin WmfMedia
LogPluginManager: Mounting plugin TcpMessaging
LogPluginManager: Mounting plugin UdpMessaging
LogPluginManager: Mounting plugin ActorSequence
LogPluginManager: Mounting plugin LevelSequenceEditor
LogPluginManager: Mounting plugin MatineeToLevelSequence
LogPluginManager: Mounting plugin OnlineSubsystemGooglePlay
LogPluginManager: Mounting plugin OnlineSubsystemIOS
LogPluginManager: Mounting plugin OnlineSubsystem
LogPluginManager: Mounting plugin OnlineSubsystemNull
LogPluginManager: Mounting plugin OnlineSubsystemUtils
LogPluginManager: Mounting plugin AndroidDeviceProfileSelector
LogPluginManager: Mounting plugin AndroidMoviePlayer
LogPluginManager: Mounting plugin AndroidPermission
LogPluginManager: Mounting plugin AppleARKit
LogPluginManager: Mounting plugin AppleMoviePlayer
LogPluginManager: Mounting plugin ArchVisCharacter
LogPluginManager: Mounting plugin CableComponent
LogPluginManager: Mounting plugin CustomMeshComponent
LogPluginManager: Mounting plugin ExampleDeviceProfileSelector
LogPluginManager: Mounting plugin GoogleCloudMessaging
LogPluginManager: Mounting plugin ImmediatePhysics
LogPluginManager: Mounting plugin IOSDeviceProfileSelector
LogPluginManager: Mounting plugin LinuxDeviceProfileSelector
LogPluginManager: Mounting plugin LocationServicesBPLibrary
LogPluginManager: Mounting plugin MobilePatchingUtils
LogPluginManager: Mounting plugin OculusVR
LogPluginManager: Plugin shader directory ../../../Engine/Plugins/Runtime/Oculus/OculusVR/Shaders found
LogPluginManager: Mapping shader source directory ../../../Engine/Plugins/Runtime/Oculus/OculusVR/Shaders to virtual directory /Plugin/OculusVR
LogPluginManager: Mounting plugin PhysXVehicles
LogPluginManager: Mounting plugin ProceduralMeshComponent
LogPluginManager: Mounting plugin RuntimePhysXCooking
LogPluginManager: Mounting plugin SteamVR
LogPluginManager: Mounting plugin WindowsMoviePlayer
LogInit: Using libcurl 7.47.1
LogInit:  - built for x86_64-pc-win32
LogInit:  - supports SSL with OpenSSL/1.0.2g
LogInit:  - supports HTTP deflate (compression) using libz 1.2.8
LogInit:  - other features:
LogInit:      CURL_VERSION_SSL
LogInit:      CURL_VERSION_LIBZ
LogInit:      CURL_VERSION_IPV6
LogInit:      CURL_VERSION_ASYNCHDNS
LogInit:      CURL_VERSION_LARGEFILE
LogInit:      CURL_VERSION_IDN
LogInit:  CurlRequestOptions (configurable via config and command line):
LogInit:  - bVerifyPeer = false  - Libcurl will NOT verify peer certificate
LogInit:  - bUseHttpProxy = false  - Libcurl will NOT use HTTP proxy
LogInit:  - bDontReuseConnections = false  - Libcurl will reuse connections
LogInit:  - CertBundlePath = nullptr  - Libcurl will use whatever was configured at build time.
LogInit: Build: ++UE4+Release-4.18-CL-3754814
LogInit: Engine Version: 4.18.1-3754814+++UE4+Release-4.18
LogInit: Compatible Engine Version: 4.18.0-3709383+++UE4+Release-4.18
LogInit: Net CL: 3709383
LogDevObjectVersion: Number of dev versions registered: 16
LogDevObjectVersion:   Dev-Blueprints (B0D832E4-1F89-4F0D-ACCF-7EB736FD4AA2): 10
LogDevObjectVersion:   Dev-Build (E1C64328-A22C-4D53-A36C-8E866417BD8C): 0
LogDevObjectVersion:   Dev-Core (375EC13C-06E4-48FB-B500-84F0262A717E): 2
LogDevObjectVersion:   Dev-Editor (E4B068ED-F494-42E9-A231-DA0B2E46BB41): 20
LogDevObjectVersion:   Dev-Framework (CFFC743F-43B0-4480-9391-14DF171D2073): 30
LogDevObjectVersion:   Dev-Mobile (B02B49B5-BB20-44E9-A304-32B752E40360): 0
LogDevObjectVersion:   Dev-Networking (A4E4105C-59A1-49B5-A7C5-40C4547EDFEE): 0
LogDevObjectVersion:   Dev-Online (39C831C9-5AE6-47DC-9A44-9C173E1C8E7C): 0
LogDevObjectVersion:   Dev-Physics (78F01B33-EBEA-4F98-B9B4-84EACCB95AA2): 0
LogDevObjectVersion:   Dev-Platform (6631380F-2D4D-43E0-8009-CF276956A95A): 0
LogDevObjectVersion:   Dev-Rendering (12F88B9F-8875-4AFC-A67C-D90C383ABD29): 20
LogDevObjectVersion:   Dev-Sequencer (7B5AE74C-D270-4C10-A958-57980B212A5A): 4
LogDevObjectVersion:   Dev-VR (D7296918-1DD6-4BDD-9DE2-64A83CC13884): 0
LogDevObjectVersion:   Dev-LoadTimes (C2A15278-BFE7-4AFE-6C17-90FF531DF755): 1
LogDevObjectVersion:   Private-Geometry (6EACA3D4-40EC-4CC1-B786-8BED09428FC5): 1
LogDevObjectVersion:   Dev-AnimPhys (29E575DD-E0A3-4627-9D10-D276232CDCEA): 12
LogInit: Compiled (64-bit): Nov 14 2017 02:05:55
LogInit: Compiled with Visual C++: 19.00.24215.01
LogInit: Build Configuration: Development
LogInit: Branch Name: ++UE4+Release-4.18
LogInit: Command line: -EpicPortal 
LogInit: Base directory: D:/Official/UE_4.18/Engine/Binaries/Win64/
LogInit: Installed Engine Build: 1
LogInit: Presizing for max 8388607 objects, including 0 objects not considered by GC, pre-allocating 0 bytes for permanent pool.
LogInit: Object subsystem initialized
[2017.12.01-13.24.05:022][  0]LogInit: Selected Device Profile: [Windows]
[2017.12.01-13.24.05:022][  0]LogInit: Applying CVar settings loaded from the selected device profile: [Windows]
[2017.12.01-13.24.05:054][  0]LogInit: Computer: W00130
[2017.12.01-13.24.05:054][  0]LogInit: User: AaronJones
[2017.12.01-13.24.05:054][  0]LogInit: CPU Page size=4096, Cores=6
[2017.12.01-13.24.05:054][  0]LogInit: High frequency timer resolution =3.322196 MHz
[2017.12.01-13.24.05:054][  0]LogMemory: Memory total: Physical=31.9GB (32GB approx)
[2017.12.01-13.24.05:054][  0]LogMemory: Platform Memory Stats for Windows
[2017.12.01-13.24.05:054][  0]LogMemory: Process Physical Memory: 273.74 MB used, 273.74 MB peak
[2017.12.01-13.24.05:054][  0]LogMemory: Process Virtual Memory: 272.64 MB used, 272.64 MB peak
[2017.12.01-13.24.05:054][  0]LogMemory: Physical Memory: 14328.39 MB used,  18378.92 MB free, 32707.31 MB total
[2017.12.01-13.24.05:054][  0]LogMemory: Virtual Memory: 653.68 MB used,  18378.92 MB free, 134217728.00 MB total
[2017.12.01-13.24.05:198][  0]LogInit: Using OS detected language (en-US).
[2017.12.01-13.24.05:198][  0]LogInit: Using OS detected locale (en-US).
[2017.12.01-13.24.05:204][  0]LogTextLocalizationManager: No specific localization for 'en-US' exists, so the 'en' localization will be used.
[2017.12.01-13.24.05:633][  0]LogInit: Setting process to per monitor DPI aware
[2017.12.01-13.24.06:084][  0]LogD3D11RHI: D3D11 adapters:
[2017.12.01-13.24.06:756][  0]LogD3D11RHI:    0. 'NVIDIA GeForce GTX TITAN Black' (Feature Level 11_0)
[2017.12.01-13.24.06:756][  0]LogD3D11RHI:       6106/0/16353 MB DedicatedVideo/DedicatedSystem/SharedSystem, Outputs:2, VendorId:0x10de
[2017.12.01-13.24.06:757][  0]LogD3D11RHI:    1. 'Microsoft Basic Render Driver' (Feature Level 11_0)
[2017.12.01-13.24.06:758][  0]LogD3D11RHI:       0/0/16353 MB DedicatedVideo/DedicatedSystem/SharedSystem, Outputs:0, VendorId:0x1414
[2017.12.01-13.24.06:758][  0]LogD3D11RHI: Chosen D3D11 Adapter: 0
[2017.12.01-13.24.06:766][  0]LogD3D11RHI: Creating new Direct3DDevice
[2017.12.01-13.24.06:766][  0]LogD3D11RHI:     GPU DeviceId: 0x100c (for the marketing name, search the web for "GPU Device Id")
[2017.12.01-13.24.06:766][  0]LogWindows: EnumDisplayDevices:
[2017.12.01-13.24.06:766][  0]LogWindows:    0. 'NVIDIA GeForce GTX TITAN Black' (P:1 D:1)
[2017.12.01-13.24.06:766][  0]LogWindows:    1. 'NVIDIA GeForce GTX TITAN Black' (P:0 D:1)
[2017.12.01-13.24.06:767][  0]LogWindows:    2. 'NVIDIA GeForce GTX TITAN Black' (P:0 D:0)
[2017.12.01-13.24.06:767][  0]LogWindows:    3. 'NVIDIA GeForce GTX TITAN Black' (P:0 D:0)
[2017.12.01-13.24.06:767][  0]LogWindows: DebugString: FoundDriverCount:4 
[2017.12.01-13.24.06:767][  0]LogD3D11RHI:     Adapter Name: NVIDIA GeForce GTX TITAN Black
[2017.12.01-13.24.06:767][  0]LogD3D11RHI:   Driver Version: 385.69 (internal:22.21.13.8569, unified:385.69)
[2017.12.01-13.24.06:767][  0]LogD3D11RHI:      Driver Date: 9-16-2017
[2017.12.01-13.24.06:767][  0]LogRHI: Texture pool is 4274 MB (70% of 6106 MB)
[2017.12.01-13.24.07:422][  0]LogD3D11RHI: Async texture creation enabled
[2017.12.01-13.24.07:466][  0]LogD3D11RHI: GPU Timing Frequency: 1000.000000 (Debug: 2 1)
[2017.12.01-13.24.07:514][  0]LogShaderCompilers: Guid format shader working directory is 31 characters bigger than the processId version (../../../../Crosswind/Intermediate/Shaders/WorkingDirectory/4132/).
[2017.12.01-13.24.07:514][  0]LogShaderCompilers: Cleaned the shader compiler working directory 'C:/Users/aaron.jones/AppData/Local/Temp/UnrealShaderWorkingDir/9C6F67C14E627ED7D4D75C86986E6AD4/'.
[2017.12.01-13.24.07:514][  0]LogShaderCompilers: Display: Using Local Shader Compiler.
[2017.12.01-13.24.08:591][  0]LogTemp: Display: Loaded TP AllDesktopTargetPlatform
[2017.12.01-13.24.08:645][  0]LogTemp: Display: Loaded TP MacClientTargetPlatform
[2017.12.01-13.24.08:747][  0]LogTemp: Display: Loaded TP MacNoEditorTargetPlatform
[2017.12.01-13.24.08:806][  0]LogTemp: Display: Loaded TP MacServerTargetPlatform
[2017.12.01-13.24.08:884][  0]LogTemp: Display: Loaded TP MacTargetPlatform
[2017.12.01-13.24.09:340][  0]LogTemp: Display: Loaded TP WindowsClientTargetPlatform
[2017.12.01-13.24.09:609][  0]LogTemp: Display: Loaded TP WindowsNoEditorTargetPlatform
[2017.12.01-13.24.09:668][  0]LogTemp: Display: Loaded TP WindowsServerTargetPlatform
[2017.12.01-13.24.09:717][  0]LogTemp: Display: Loaded TP WindowsTargetPlatform
[2017.12.01-13.24.09:810][  0]LogTemp: Display: Loaded TP Android_ASTCTargetPlatform
[2017.12.01-13.24.09:874][  0]LogTemp: Display: Loaded TP Android_ATCTargetPlatform
[2017.12.01-13.24.09:928][  0]LogTemp: Display: Loaded TP Android_DXTTargetPlatform
[2017.12.01-13.24.10:003][  0]LogTemp: Display: Loaded TP Android_ETC1TargetPlatform
[2017.12.01-13.24.10:062][  0]LogTemp: Display: Loaded TP Android_ETC2TargetPlatform
[2017.12.01-13.24.10:175][  0]LogTemp: Display: Loaded TP Android_MultiTargetPlatform
[2017.12.01-13.24.10:175][  0]LogTemp: Display: Loaded TP Android_PVRTCTargetPlatform
[2017.12.01-13.24.10:230][  0]LogTemp: Display: Loaded TP AndroidTargetPlatform
[2017.12.01-13.24.10:268][  0]LogTemp: Display: Loaded TP HTML5TargetPlatform
[2017.12.01-13.24.10:374][  0]LogTemp: Display: Loaded TP IOSTargetPlatform
[2017.12.01-13.24.10:409][  0]LogTemp: Display: Loaded TP TVOSTargetPlatform
[2017.12.01-13.24.10:466][  0]LogTemp: Display: Loaded TP LinuxClientTargetPlatform
[2017.12.01-13.24.10:517][  0]LogTemp: Display: Loaded TP LinuxNoEditorTargetPlatform
[2017.12.01-13.24.10:572][  0]LogTemp: Display: Loaded TP LinuxServerTargetPlatform
[2017.12.01-13.24.10:628][  0]LogTemp: Display: Loaded TP LinuxTargetPlatform
[2017.12.01-13.24.10:628][  0]LogTargetPlatformManager: Display: Building Assets For Windows
[2017.12.01-13.24.11:105][  0]LogDerivedDataCache: Display: Max Cache Size: 512 MB
[2017.12.01-13.24.11:196][  0]LogDerivedDataCache: Loaded boot cache 0.09s 78MB C:/Users/aaron.jones/AppData/Local/UnrealEngine/4.18/DerivedDataCache/Boot.ddc.
[2017.12.01-13.24.11:196][  0]LogDerivedDataCache: Display: Loaded Boot cache: C:/Users/aaron.jones/AppData/Local/UnrealEngine/4.18/DerivedDataCache/Boot.ddc
[2017.12.01-13.24.11:196][  0]LogDerivedDataCache: FDerivedDataBackendGraph:  Pak pak cache file ../../../../Crosswind/DerivedDataCache/DDC.ddp not found, will not use a pak cache.
[2017.12.01-13.24.11:196][  0]LogDerivedDataCache: Unable to find inner node Pak for hierarchical cache Hierarchy.
[2017.12.01-13.24.11:196][  0]LogDerivedDataCache: FDerivedDataBackendGraph:  CompressedPak pak cache file ../../../../Crosswind/DerivedDataCache/Compressed.ddp not found, will not use a pak cache.
[2017.12.01-13.24.11:196][  0]LogDerivedDataCache: Unable to find inner node CompressedPak for hierarchical cache Hierarchy.
[2017.12.01-13.24.11:214][  0]LogDerivedDataCache: Display: Pak cache opened for reading ../../../Engine/DerivedDataCache/Compressed.ddp.
[2017.12.01-13.24.11:227][  0]LogDerivedDataCache: Using Local data cache path C:/Users/aaron.jones/AppData/Local/UnrealEngine/Common/DerivedDataCache: Writable
[2017.12.01-13.24.11:242][  0]LogMaterial: Verifying Global Shaders for PCD3D_SM5
[2017.12.01-13.24.11:243][  0]LogSlate: Using Freetype 2.6.0
[2017.12.01-13.24.11:244][  0]LogSlate: SlateFontCache - WITH_FREETYPE: 1, WITH_HARFBUZZ: 1
[2017.12.01-13.24.11:244][  0]LogSlate: SlateFontCache - WITH_FREETYPE: 1, WITH_HARFBUZZ: 1
[2017.12.01-13.24.11:735][  0]LogInit: Selected Device Profile: [Windows]
[2017.12.01-13.24.12:088][  0]LogSimplygon: Simplygon DLL not present - disabling.
[2017.12.01-13.24.12:126][  0]LogMeshReduction: Using SimplygonSwarm for distributed automatic mesh merging
[2017.12.01-13.24.12:126][  0]LogMeshReduction: Using QuadricMeshReduction for automatic static mesh reduction
[2017.12.01-13.24.12:126][  0]LogMeshReduction: No automatic skeletal mesh reduction module available
[2017.12.01-13.24.12:126][  0]LogMeshReduction: No automatic mesh merging module available
[2017.12.01-13.24.12:126][  0]LogMeshMerging: No automatic mesh merging module available
[2017.12.01-13.24.12:165][  0]LogNetVersion: Crosswind , NetCL: 3709383, EngineNetVer: 2, GameNetVer: 0 (Checksum: 1601605199)
[2017.12.01-13.24.12:345][  0]LogAssetRegistry: FAssetRegistry took 0.0275 seconds to start up
[2017.12.01-13.24.13:149][  0]LogPackageLocalizationCache: Processed 7 localized package path(s) for 2 prioritized culture(s) in 0.277526 seconds
[2017.12.01-13.24.13:155][  0]LogUObjectArray: 35900 objects as part of root set at end of initial load.
[2017.12.01-13.24.13:155][  0]LogUObjectAllocator: 7372024 out of 0 bytes used by permanent object pool.
[2017.12.01-13.24.13:155][  0]LogUObjectArray: CloseDisregardForGC: 0/0 objects in disregard for GC pool
[2017.12.01-13.24.13:204][  0]LogInit: WinSock: version 1.1 (2.2), MaxSocks=32767, MaxUdp=65467
[2017.12.01-13.24.16:349][  0]LogTcpMessaging: Initializing TcpMessaging bridge
[2017.12.01-13.24.16:408][  0]LogUdpMessaging: Initializing bridge on interface 0.0.0.0:0 to multicast group 230.0.0.1:6666.
[2017.12.01-13.24.17:233][  0]LogMaterial: Uniform references updated for custom material expression Custom.
[2017.12.01-13.24.17:727][  0]SourceControl: Source control is disabled
[2017.12.01-13.24.17:727][  0]SourceControl: Source control is disabled
[2017.12.01-13.24.17:788][  0]SourceControl: Source control is disabled
[2017.12.01-13.24.17:853][  0]SourceControl: Source control is disabled
[2017.12.01-13.24.18:834][  0]LogAndroidPermission: UAndroidPermissionCallbackProxy::GetInstance
[2017.12.01-13.24.19:164][  0]LogOcInput: OculusInput pre-init called
[2017.12.01-13.24.19:485][  0]LogEngine: Initializing Engine...
[2017.12.01-13.24.19:488][  0]LogHMD: Failed to initialize OpenVR with code 110
[2017.12.01-13.24.19:740][  0]LogStats: UGameplayTagsManager::ConstructGameplayTagTree: Construct from data asset -  0.000 s
[2017.12.01-13.24.19:740][  0]LogStats: UGameplayTagsManager::ConstructGameplayTagTree: GameplayTagTreeChangedEvent.Broadcast -  0.000 s
[2017.12.01-13.24.19:873][  0]LogAIModule: Creating AISystem for world Untitled
[2017.12.01-13.24.19:896][  0]LogInit: XAudio2 using 'Speakers (Logitech G633 Gaming Headset)' : 6 channels at 44.1 kHz using 16 bits per sample (channel mask 0x3f)
[2017.12.01-13.24.19:926][  0]LogInit: FAudioDevice initialized.
[2017.12.01-13.24.20:061][  0]LogDerivedDataCache: Saved boot cache 0.13s 78MB C:/Users/aaron.jones/AppData/Local/UnrealEngine/4.18/DerivedDataCache/Boot.ddc.
[2017.12.01-13.24.20:075][  0]LogInit: Texture streaming: Enabled
[2017.12.01-13.24.20:181][  0]LogEngineSessionManager: EngineSessionManager initialized
[2017.12.01-13.24.20:356][  0]LogInit: Transaction tracking system initialized
[2017.12.01-13.24.20:669][  0]BlueprintLog: New page: Editor Load
[2017.12.01-13.24.21:550][  0]LocalizationService: Localization service is disabled
[2017.12.01-13.24.22:302][  0]LogConsoleResponse: Display: 
[2017.12.01-13.24.22:522][  0]LogCook: Display: Max memory allowance for cook 16384mb min free memory 0mb
[2017.12.01-13.24.22:522][  0]LogCook: Display: Mobile HDR setting 1
[2017.12.01-13.24.22:522][  0]LogGameplayTags: Display: UGameplayTagsManager::DoneAddingNativeTags. DelegateIsBound: 0
[2017.12.01-13.24.23:260][  0]LogFileCache: Scanning file cache for directory 'D:/Official/Crosswind/Content/' took 0.01s
[2017.12.01-13.24.23:802][  0]SourceControl: Source control is disabled
[2017.12.01-13.24.23:802][  0]Cmd: MAP LOAD FILE="../../../Engine/Content/Maps/Templates/Template_Default.umap" TEMPLATE=1 SHOWPROGRESS=1 FEATURELEVEL=3
[2017.12.01-13.24.23:803][  0]LightingResults: New page: Lighting Build
[2017.12.01-13.24.23:842][  0]MapCheck: New page: Map Check
[2017.12.01-13.24.23:842][  0]LightingResults: New page: Lighting Build
[2017.12.01-13.24.24:141][  0]LogAIModule: Creating AISystem for world Untitled_1
[2017.12.01-13.24.24:149][  0]LogEditorServer: Finished looking for orphan Actors (0.000 secs)
[2017.12.01-13.24.24:164][  0]Cmd: MAP CHECKDEP NOCLEARLOG
[2017.12.01-13.24.24:221][  0]MapCheck: Map check complete: 0 Error(s), 0 Warning(s), took 57.358ms to complete.
[2017.12.01-13.24.24:222][  0]LogFileHelpers: Loading map 'Template_Default' took 0.420
[2017.12.01-13.24.26:581][  0]LogCollectionManager: Loaded 0 collections in 0.001079 seconds
[2017.12.01-13.24.27:734][  0]LogFileCache: Scanning file cache for directory 'D:/Official/Crosswind/Saved/Collections/' took 0.01s
[2017.12.01-13.24.27:734][  0]LogFileCache: Scanning file cache for directory 'D:/Official/Crosswind/Content/Developers/AaronJones/Collections/' took 0.01s
[2017.12.01-13.24.27:734][  0]LogFileCache: Scanning file cache for directory 'D:/Official/Crosswind/Content/Collections/' took 0.01s
[2017.12.01-13.24.27:734][  0]LogCollectionManager: Rebuilt the GUID cache for 0 collections in 0.000001 seconds
[2017.12.01-13.24.27:955][  0]LogContentBrowser: Native class hierarchy populated in 0.0485 seconds. Added 2363 classes and 519 folders.
[2017.12.01-13.24.28:360][  0]LogContentBrowser: Native class hierarchy updated for 'WidgetCarousel' in 0.0004 seconds. Added 0 classes and 0 folders.
[2017.12.01-13.24.32:679][  0]LogContentBrowser: Native class hierarchy updated for 'AddContentDialog' in 0.0005 seconds. Added 0 classes and 0 folders.
[2017.12.01-13.24.33:096][  0]LogContentBrowser: Native class hierarchy updated for 'SceneOutliner' in 0.0003 seconds. Added 1 classes and 2 folders.
[2017.12.01-13.24.38:488][  0]LogContentBrowser: Native class hierarchy updated for 'HierarchicalLODOutliner' in 0.0003 seconds. Added 1 classes and 2 folders.
[2017.12.01-13.24.38:488][  0]LogLoad: (Engine Initialization) Total time: 37.47 seconds
[2017.12.01-13.24.38:488][  0]LogLoad: (Engine Initialization) Total Blueprint compile time: 0.00 seconds
[2017.12.01-13.24.38:488][  0]LogExternalProfiler: Found external profiler: VSPerf
[2017.12.01-13.24.38:488][  0]LogExternalProfiler: Using external profiler: VSPerf
[2017.12.01-13.24.38:498][  0]LogWindowsTextInputMethodSystem: Display: IME system now deactivated.
[2017.12.01-13.24.38:908][  0]LogContentStreaming: Texture pool size now 1000 MB
[2017.12.01-13.24.38:910][  0]LogSlate: Took 0.000326 seconds to synchronously load lazily loaded font '../../../Engine/Content/Slate/Fonts/Roboto-Regular.ttf' (155K)
[2017.12.01-13.24.38:912][  0]LogSlate: Took 0.000247 seconds to synchronously load lazily loaded font '../../../Engine/Content/Slate/Fonts/Roboto-Bold.ttf' (160K)
[2017.12.01-13.24.39:022][  0]LogSlate: Took 0.080978 seconds to synchronously load lazily loaded font '../../../Engine/Content/Editor/Slate/Fonts/FontAwesome.ttf' (139K)
[2017.12.01-13.24.40:299][  1]LogRenderer: Reallocating scene render targets to support 824x680 Format 10 NumSamples 1 (Frame:1).
[2017.12.01-13.24.40:693][  2]LogAssetRegistry: Asset discovery search completed in 28.3704 seconds
[2017.12.01-13.24.40:695][  2]LogCollectionManager: Rebuilt the object cache for 0 collections in 0.000000 seconds (found 0 objects)
[2017.12.01-13.24.40:695][  2]LogCollectionManager: Fixed up redirectors for 0 collections in 0.000055 seconds (updated 0 objects)
[2017.12.01-13.29.03:127][232]Cmd: MAP LOAD FILE="../../../../Crosswind/Content/CrossTest.umap" TEMPLATE=0 SHOWPROGRESS=1 FEATURELEVEL=3
[2017.12.01-13.29.03:218][232]LogSlate: Took 0.065940 seconds to synchronously load lazily loaded font '../../../Engine/Content/Slate/Fonts/Roboto-Light.ttf' (159K)
[2017.12.01-13.29.03:265][232]LightingResults: New page: Lighting Build
[2017.12.01-13.29.03:266][232]LoadErrors: New page: Loading map: CrossTest.umap
[2017.12.01-13.29.03:569][232]MapCheck: New page: Map Check
[2017.12.01-13.29.03:569][232]LightingResults: New page: Lighting Build
[2017.12.01-13.29.05:894][232]LogSlate: Took 0.000326 seconds to synchronously load lazily loaded font '../../../Engine/Content/Slate/Fonts/Roboto-Regular.ttf' (155K)
[2017.12.01-13.29.07:570][232]LogAIModule: Creating AISystem for world CrossTest
[2017.12.01-13.29.09:119][232]LogEditorServer: Finished looking for orphan Actors (0.000 secs)
[2017.12.01-13.29.09:866][232]Cmd: MAP CHECKDEP NOCLEARLOG
[2017.12.01-13.29.09:930][232]MapCheck: Map check complete: 0 Error(s), 0 Warning(s), took 64.212ms to complete.
[2017.12.01-13.29.09:930][232]LogFileHelpers: Loading map 'CrossTest' took 6.899
[2017.12.01-13.29.14:468][708]LogTemp: Repeating last play command: Selected Viewport
[2017.12.01-13.29.15:417][708]LogBlueprintUserMessages: Early PlayInEditor Detection: Level '/Game/CrossTest.CrossTest:PersistentLevel' has LevelScriptBlueprint '/Game/CrossTest.CrossTest:PersistentLevel.CrossTest' with GeneratedClass '/Game/CrossTest.CrossTest_C' with ClassGeneratedBy '/Game/CrossTest.CrossTest:PersistentLevel.CrossTest'
[2017.12.01-13.29.15:436][708]LogPlayLevel: PlayLevel: No blueprints needed recompiling
[2017.12.01-13.29.15:523][708]PIE: New page: PIE session: CrossTest (Dec 1, 2017, 3:29:15 AM)
[2017.12.01-13.29.15:546][708]LogPlayLevel: Creating play world package: /Game/UEDPIE_0_CrossTest
[2017.12.01-13.29.15:719][708]LogPlayLevel: PIE: StaticDuplicateObject took: (0.172894s)
[2017.12.01-13.29.15:720][708]LogAIModule: Creating AISystem for world CrossTest
[2017.12.01-13.29.15:738][708]LogPlayLevel: PIE: World Init took: (0.018217s)
[2017.12.01-13.29.15:749][708]LogPlayLevel: PIE: Created PIE world by copying editor world from /Game/CrossTest.CrossTest to /Game/UEDPIE_0_CrossTest.CrossTest (0.202511s)
[2017.12.01-13.29.15:926][708]LogInit: XAudio2 using 'Speakers (Logitech G633 Gaming Headset)' : 6 channels at 44.1 kHz using 16 bits per sample (channel mask 0x3f)
[2017.12.01-13.29.15:948][708]LogInit: FAudioDevice initialized.
[2017.12.01-13.29.16:254][708]LogLoad: Game class is 'CrossWindGameMode_C'
[2017.12.01-13.29.16:593][708]LogWorld: Bringing World /Game/UEDPIE_0_CrossTest.CrossTest up for play (max tick rate 0) at 2017.12.01-08.29.16
[2017.12.01-13.29.16:771][708]LogWorld: Bringing up level for play took: 0.192612
[2017.12.01-13.29.25:850][708]LogContentBrowser: Native class hierarchy updated for 'MovieSceneCapture' in 0.0101 seconds. Added 11 classes and 0 folders.
[2017.12.01-13.29.25:882][708]LogGameMode: Display: Match State Changed from EnteringMap to WaitingToStart
[2017.12.01-13.29.25:882][708]LogGameState: Match State Changed from EnteringMap to WaitingToStart
[2017.12.01-13.29.25:882][708]LogGameMode: Display: Match State Changed from WaitingToStart to InProgress
[2017.12.01-13.29.26:890][708]LogGameState: Match State Changed from WaitingToStart to InProgress
[2017.12.01-13.29.26:915][708]PIE: Play in editor start time for /Game/UEDPIE_0_CrossTest 11.96
[2017.12.01-13.29.26:915][708]LogBlueprintUserMessages: Late PlayInEditor Detection: Level '/Game/CrossTest.CrossTest:PersistentLevel' has LevelScriptBlueprint '/Game/CrossTest.CrossTest:PersistentLevel.CrossTest' with GeneratedClass '/Game/CrossTest.CrossTest_C' with ClassGeneratedBy '/Game/CrossTest.CrossTest:PersistentLevel.CrossTest'
[2017.12.01-13.32.39:251][330]LogMaterial: Missing cached shader map for material Material_0, compiling. 
[2017.12.01-13.32.39:421][331]LogMaterial: Missing cached shader map for material Material_1, compiling. 
[2017.12.01-13.32.39:448][332]LogMaterial: Missing cached shader map for material Material_2, compiling. 
[2017.12.01-13.32.58:630][152]LogTexture: Display: Building textures: CLOUDS_GasGiant (AutoDXT, 4096X2048)
[2017.12.01-13.32.58:631][152]LogTexture: Display: Building textures: CLOUDS_Fractal1 (AutoDXT, 4096X2048)
[2017.12.01-13.32.58:631][152]LogMaterial: Missing cached shader map for material MAT_Clouds, compiling. 
[2017.12.01-13.33.00:001][249]LogBlueprintUserMessages: Early EndPlayMap Detection: Level '/Game/CrossTest.CrossTest:PersistentLevel' has LevelScriptBlueprint '/Game/CrossTest.CrossTest:PersistentLevel.CrossTest' with GeneratedClass '/Game/CrossTest.CrossTest_C' with ClassGeneratedBy '/Game/CrossTest.CrossTest:PersistentLevel.CrossTest'
[2017.12.01-13.33.00:217][249]LogBlueprintUserMessages: Late EndPlayMap Detection: Level '/Game/CrossTest.CrossTest:PersistentLevel' has LevelScriptBlueprint '/Game/CrossTest.CrossTest:PersistentLevel.CrossTest' with GeneratedClass '/Game/CrossTest.CrossTest_C' with ClassGeneratedBy '/Game/CrossTest.CrossTest:PersistentLevel.CrossTest'
[2017.12.01-13.33.03:183][530]LogMaterial: Warning: Material /Game/AdvancedSpaceShader/Materials/MAT_Clouds.MAT_Clouds needed to have new flag set bUsedWithStaticLighting !
[2017.12.01-13.33.03:197][530]LogMaterial: Missing cached shader map for material MAT_Clouds, compiling. 
[2017.12.01-13.33.10:969][348]LogMaterial: Warning: Material /Game/AdvancedSpaceShader/Materials/Mat_Sun.Mat_Sun needed to have new flag set bUsedWithStaticLighting !
[2017.12.01-13.33.10:981][348]LogMaterial: Missing cached shader map for material Mat_Sun, compiling. 
[2017.12.01-13.33.25:268][737]LogTemp: Repeating last play command: Selected Viewport
[2017.12.01-13.33.25:284][737]LogBlueprintUserMessages: Early PlayInEditor Detection: Level '/Game/CrossTest.CrossTest:PersistentLevel' has LevelScriptBlueprint '/Game/CrossTest.CrossTest:PersistentLevel.CrossTest' with GeneratedClass '/Game/CrossTest.CrossTest_C' with ClassGeneratedBy '/Game/CrossTest.CrossTest:PersistentLevel.CrossTest'
[2017.12.01-13.33.25:284][737]LogPlayLevel: PlayLevel: No blueprints needed recompiling
[2017.12.01-13.33.25:284][737]PIE: New page: PIE session: CrossTest (Dec 1, 2017, 3:33:25 AM)
[2017.12.01-13.33.25:284][737]LogPlayLevel: Creating play world package: /Game/UEDPIE_0_CrossTest
[2017.12.01-13.33.25:287][737]LogPlayLevel: PIE: StaticDuplicateObject took: (0.002928s)
[2017.12.01-13.33.25:288][737]LogAIModule: Creating AISystem for world CrossTest
[2017.12.01-13.33.25:288][737]LogPlayLevel: PIE: World Init took: (0.000717s)
[2017.12.01-13.33.25:288][737]LogPlayLevel: PIE: Created PIE world by copying editor world from /Game/CrossTest.CrossTest to /Game/UEDPIE_0_CrossTest.CrossTest (0.003923s)
[2017.12.01-13.33.25:349][737]LogInit: XAudio2 using 'Speakers (Logitech G633 Gaming Headset)' : 6 channels at 44.1 kHz using 16 bits per sample (channel mask 0x3f)
[2017.12.01-13.33.25:371][737]LogInit: FAudioDevice initialized.
[2017.12.01-13.33.25:402][737]LogLoad: Game class is 'CrossWindGameMode_C'
[2017.12.01-13.33.25:404][737]LogWorld: Bringing World /Game/UEDPIE_0_CrossTest.CrossTest up for play (max tick rate 0) at 2017.12.01-08.33.25
[2017.12.01-13.33.25:404][737]LogWorld: Bringing up level for play took: 0.000776
[2017.12.01-13.33.25:405][737]LogGameMode: Display: Match State Changed from EnteringMap to WaitingToStart
[2017.12.01-13.33.25:405][737]LogGameState: Match State Changed from EnteringMap to WaitingToStart
[2017.12.01-13.33.25:405][737]LogGameMode: Display: Match State Changed from WaitingToStart to InProgress
[2017.12.01-13.33.25:408][737]LogGameState: Match State Changed from WaitingToStart to InProgress
[2017.12.01-13.33.25:408][737]PIE: Play in editor start time for /Game/UEDPIE_0_CrossTest 0.453
[2017.12.01-13.33.25:408][737]LogBlueprintUserMessages: Late PlayInEditor Detection: Level '/Game/CrossTest.CrossTest:PersistentLevel' has LevelScriptBlueprint '/Game/CrossTest.CrossTest:PersistentLevel.CrossTest' with GeneratedClass '/Game/CrossTest.CrossTest_C' with ClassGeneratedBy '/Game/CrossTest.CrossTest:PersistentLevel.CrossTest'
[2017.12.01-13.34.18:723][134]LogBlueprintUserMessages: Early EndPlayMap Detection: Level '/Game/CrossTest.CrossTest:PersistentLevel' has LevelScriptBlueprint '/Game/CrossTest.CrossTest:PersistentLevel.CrossTest' with GeneratedClass '/Game/CrossTest.CrossTest_C' with ClassGeneratedBy '/Game/CrossTest.CrossTest:PersistentLevel.CrossTest'
[2017.12.01-13.34.18:760][134]LogBlueprintUserMessages: Late EndPlayMap Detection: Level '/Game/CrossTest.CrossTest:PersistentLevel' has LevelScriptBlueprint '/Game/CrossTest.CrossTest:PersistentLevel.CrossTest' with GeneratedClass '/Game/CrossTest.CrossTest_C' with ClassGeneratedBy '/Game/CrossTest.CrossTest:PersistentLevel.CrossTest'
[2017.12.01-13.43.33:345][531]LogSlate: Took 0.020689 seconds to synchronously load lazily loaded font '../../../Engine/Content/Slate/Fonts/Roboto-Light.ttf' (159K)
[2017.12.01-13.43.42:454][558]Cmd: OBJ SAVEPACKAGE PACKAGE="/Game/CrossTest" FILE="../../../../Crosswind/Saved/Autosaves/Game/CrossTest_Auto1.umap" SILENT=true AUTOSAVING=true KEEPDIRTY=false
[2017.12.01-13.43.43:337][558]LogSavePackage: Save=612.62ms
[2017.12.01-13.43.43:337][558]LogSavePackage: Moving '../../../../Crosswind/Saved/CrossTest_Auto10748BE104DB9A271BE8915A2B57B0502.tmp' to '../../../../Crosswind/Saved/Autosaves/Game/CrossTest_Auto1.umap'
[2017.12.01-13.43.43:346][558]LogSavePackage: Display: Finished SavePackage ../../../../Crosswind/Saved/Autosaves/Game/CrossTest_Auto1.umap
[2017.12.01-13.43.43:374][558]LogFileHelpers: Editor autosave (incl. sublevels) for '/Game/CrossTest' took 1.052
[2017.12.01-13.43.43:374][558]LogFileHelpers: Editor autosave (incl. sublevels) for all levels took 1.052
[2017.12.01-13.43.43:377][558]OBJ SavePackage: Generating thumbnails for [1] asset(s) in package [/Game/AdvancedSpaceShader/Materials/Mat_Sun] ([1] browsable assets)...
[2017.12.01-13.43.43:440][558]OBJ SavePackage:     Rendered thumbnail for [Material /Game/AdvancedSpaceShader/Materials/Mat_Sun.Mat_Sun]
[2017.12.01-13.43.43:440][558]OBJ SavePackage: Finished generating thumbnails for package [/Game/AdvancedSpaceShader/Materials/Mat_Sun]
[2017.12.01-13.43.43:440][558]Cmd: OBJ SAVEPACKAGE PACKAGE="/Game/AdvancedSpaceShader/Materials/Mat_Sun" FILE="../../../../Crosswind/Saved/Autosaves/Game/AdvancedSpaceShader/Materials/Mat_Sun_Auto1.uasset" SILENT=false AUTOSAVING=true
[2017.12.01-13.43.43:510][558]LogSavePackage: Save=64.63ms
[2017.12.01-13.43.43:510][558]LogSavePackage: Moving '../../../../Crosswind/Saved/Mat_Sun_Auto13E53110541387FE96A6DCA9B955604B3.tmp' to '../../../../Crosswind/Saved/Autosaves/Game/AdvancedSpaceShader/Materials/Mat_Sun_Auto1.uasset'
[2017.12.01-13.43.43:512][558]LogSavePackage: Display: Finished SavePackage ../../../../Crosswind/Saved/Autosaves/Game/AdvancedSpaceShader/Materials/Mat_Sun_Auto1.uasset
[2017.12.01-13.43.43:513][558]OBJ SavePackage: Generating thumbnails for [1] asset(s) in package [/Game/AdvancedSpaceShader/Materials/MAT_Clouds] ([1] browsable assets)...
[2017.12.01-13.43.43:533][558]OBJ SavePackage:     Rendered thumbnail for [Material /Game/AdvancedSpaceShader/Materials/MAT_Clouds.MAT_Clouds]
[2017.12.01-13.43.43:533][558]OBJ SavePackage: Finished generating thumbnails for package [/Game/AdvancedSpaceShader/Materials/MAT_Clouds]
[2017.12.01-13.43.43:576][558]LogSavePackage: Save=37.75ms
[2017.12.01-13.43.43:577][558]LogSavePackage: Moving '../../../../Crosswind/Saved/MAT_Clouds_Auto1540D11A647E4432022354A8961C9CE84.tmp' to '../../../../Crosswind/Saved/Autosaves/Game/AdvancedSpaceShader/Materials/MAT_Clouds_Auto1.uasset'
[2017.12.01-13.43.43:578][558]LogSavePackage: Display: Finished SavePackage ../../../../Crosswind/Saved/Autosaves/Game/AdvancedSpaceShader/Materials/MAT_Clouds_Auto1.uasset
[2017.12.01-13.43.43:578][558]LogFileHelpers: Auto-saving content packages took 0.202
[2017.12.01-13.50.56:136][491]LogTemp: Repeating last play command: Selected Viewport
[2017.12.01-13.50.56:153][491]LogBlueprintUserMessages: Early PlayInEditor Detection: Level '/Game/CrossTest.CrossTest:PersistentLevel' has LevelScriptBlueprint '/Game/CrossTest.CrossTest:PersistentLevel.CrossTest' with GeneratedClass '/Game/CrossTest.CrossTest_C' with ClassGeneratedBy '/Game/CrossTest.CrossTest:PersistentLevel.CrossTest'
[2017.12.01-13.50.56:153][491]LogPlayLevel: PlayLevel: No blueprints needed recompiling
[2017.12.01-13.50.56:153][491]PIE: New page: PIE session: CrossTest (Dec 1, 2017, 3:50:56 AM)
[2017.12.01-13.50.56:153][491]LogPlayLevel: Creating play world package: /Game/UEDPIE_0_CrossTest
[2017.12.01-13.50.56:156][491]LogPlayLevel: PIE: StaticDuplicateObject took: (0.003208s)
[2017.12.01-13.50.56:157][491]LogAIModule: Creating AISystem for world CrossTest
[2017.12.01-13.50.56:157][491]LogPlayLevel: PIE: World Init took: (0.000815s)
[2017.12.01-13.50.56:157][491]LogPlayLevel: PIE: Created PIE world by copying editor world from /Game/CrossTest.CrossTest to /Game/UEDPIE_0_CrossTest.CrossTest (0.004293s)
[2017.12.01-13.50.56:186][491]LogInit: XAudio2 using 'Speakers (Logitech G633 Gaming Headset)' : 6 channels at 44.1 kHz using 16 bits per sample (channel mask 0x3f)
[2017.12.01-13.50.56:211][491]LogInit: FAudioDevice initialized.
[2017.12.01-13.50.56:245][491]LogLoad: Game class is 'CrossWindGameMode_C'
[2017.12.01-13.50.56:246][491]LogWorld: Bringing World /Game/UEDPIE_0_CrossTest.CrossTest up for play (max tick rate 0) at 2017.12.01-08.50.56
[2017.12.01-13.50.56:246][491]LogWorld: Bringing up level for play took: 0.000861
[2017.12.01-13.50.56:247][491]LogGameMode: Display: Match State Changed from EnteringMap to WaitingToStart
[2017.12.01-13.50.56:247][491]LogGameState: Match State Changed from EnteringMap to WaitingToStart
[2017.12.01-13.50.56:247][491]LogGameMode: Display: Match State Changed from WaitingToStart to InProgress
[2017.12.01-13.50.56:250][491]LogGameState: Match State Changed from WaitingToStart to InProgress
[2017.12.01-13.50.56:250][491]PIE: Play in editor start time for /Game/UEDPIE_0_CrossTest -0.71
[2017.12.01-13.50.56:251][491]LogBlueprintUserMessages: Late PlayInEditor Detection: Level '/Game/CrossTest.CrossTest:PersistentLevel' has LevelScriptBlueprint '/Game/CrossTest.CrossTest:PersistentLevel.CrossTest' with GeneratedClass '/Game/CrossTest.CrossTest_C' with ClassGeneratedBy '/Game/CrossTest.CrossTest:PersistentLevel.CrossTest'
[2017.12.01-13.51.45:782][374]LogBlueprintUserMessages: Early EndPlayMap Detection: Level '/Game/CrossTest.CrossTest:PersistentLevel' has LevelScriptBlueprint '/Game/CrossTest.CrossTest:PersistentLevel.CrossTest' with GeneratedClass '/Game/CrossTest.CrossTest_C' with ClassGeneratedBy '/Game/CrossTest.CrossTest:PersistentLevel.CrossTest'
[2017.12.01-13.51.45:818][374]LogBlueprintUserMessages: Late EndPlayMap Detection: Level '/Game/CrossTest.CrossTest:PersistentLevel' has LevelScriptBlueprint '/Game/CrossTest.CrossTest:PersistentLevel.CrossTest' with GeneratedClass '/Game/CrossTest.CrossTest_C' with ClassGeneratedBy '/Game/CrossTest.CrossTest:PersistentLevel.CrossTest'
[2017.12.01-13.52.04:664][105]Cmd: QUIT_EDITOR
[2017.12.01-13.52.05:148][105]LogWindowsTextInputMethodSystem: Display: IME system now deactivated.
[2017.12.01-13.52.05:224][105]LogExit: Preparing to exit.
[2017.12.01-13.52.06:669][105]LogDirectoryWatcher: A directory notification for 'D:/Official/Crosswind/Content/' was aborted.
[2017.12.01-13.52.06:784][105]LogExit: Editor shut down
[2017.12.01-13.52.06:788][105]LogExit: Transaction tracking system shut down
[2017.12.01-13.52.07:212][105]LogDirectoryWatcher: A directory notification for '../../../Engine/Content/' was aborted.
[2017.12.01-13.52.07:212][105]LogDirectoryWatcher: A directory notification for '../../../../Crosswind/Content/' was aborted.
[2017.12.01-13.52.07:212][105]LogDirectoryWatcher: A directory notification for '../../../Engine/Plugins/2D/Paper2D/Content/' was aborted.
[2017.12.01-13.52.07:212][105]LogDirectoryWatcher: A directory notification for '../../../Engine/Plugins/Media/MediaCompositing/Content/' was aborted.
[2017.12.01-13.52.07:212][105]LogDirectoryWatcher: A directory notification for '../../../Engine/Plugins/Runtime/AppleARKit/Content/' was aborted.
[2017.12.01-13.52.07:212][105]LogDirectoryWatcher: A directory notification for '../../../Engine/Plugins/Runtime/Oculus/OculusVR/Content/' was aborted.
[2017.12.01-13.52.07:212][105]LogDirectoryWatcher: A directory notification for '../../../Engine/Plugins/Runtime/Steam/SteamVR/Content/' was aborted.
[2017.12.01-13.52.08:754][105]LogExit: Object subsystem successfully closed.
[2017.12.01-13.52.08:930][105]LogD3D11RHI: Shutdown
[2017.12.01-13.52.08:950][105]LogD3D11RHI: CleanupD3DDevice
[2017.12.01-13.52.09:005][105]LogD3D11RHI: ~FD3D11DynamicRHI
[2017.12.01-13.52.10:265][105]LogModuleManager: Shutting down and abandoning module MovieSceneCapture (552)
[2017.12.01-13.52.10:265][105]LogModuleManager: Shutting down and abandoning module HierarchicalLODOutliner (550)
[2017.12.01-13.52.10:265][105]LogModuleManager: Shutting down and abandoning module SceneOutliner (548)
[2017.12.01-13.52.10:287][105]LogModuleManager: Shutting down and abandoning module AddContentDialog (546)
[2017.12.01-13.52.10:316][105]LogDirectoryWatcher: A directory notification for 'D:/Official/UE_4.18/FeaturePacks/' was aborted.
[2017.12.01-13.52.10:318][105]LogModuleManager: Shutting down and abandoning module WidgetCarousel (545)
[2017.12.01-13.52.10:318][105]LogModuleManager: Shutting down and abandoning module EditorWidgets (542)
[2017.12.01-13.52.10:318][105]LogModuleManager: Shutting down and abandoning module CollectionManager (540)
[2017.12.01-13.52.10:335][105]LogDirectoryWatcher: A directory notification for 'D:/Official/Crosswind/Content/Collections/' was aborted.
[2017.12.01-13.52.10:335][105]LogDirectoryWatcher: A directory notification for 'D:/Official/Crosswind/Content/Developers/AaronJones/Collections/' was aborted.
[2017.12.01-13.52.10:335][105]LogDirectoryWatcher: A directory notification for 'D:/Official/Crosswind/Saved/Collections/' was aborted.
[2017.12.01-13.52.10:335][105]LogModuleManager: Shutting down and abandoning module HierarchicalLODUtilities (538)
[2017.12.01-13.52.10:360][105]LogModuleManager: Shutting down and abandoning module StatsViewer (536)
[2017.12.01-13.52.10:384][105]LogModuleManager: Shutting down and abandoning module FoliageEdit (534)
[2017.12.01-13.52.10:384][105]LogModuleManager: Shutting down and abandoning module LandscapeEditor (532)
[2017.12.01-13.52.10:437][105]LogModuleManager: Shutting down and abandoning module MeshPaintMode (530)
[2017.12.01-13.52.10:437][105]LogModuleManager: Shutting down and abandoning module SceneDepthPickerMode (528)
[2017.12.01-13.52.10:437][105]LogModuleManager: Shutting down and abandoning module ActorPickerMode (526)
[2017.12.01-13.52.10:437][105]LogModuleManager: Shutting down and abandoning module GeometryMode (524)
[2017.12.01-13.52.10:437][105]LogModuleManager: Shutting down and abandoning module TextureAlignMode (522)
[2017.12.01-13.52.10:437][105]LogModuleManager: Shutting down and abandoning module BspMode (520)
[2017.12.01-13.52.10:437][105]LogModuleManager: Shutting down and abandoning module PIEPreviewDeviceProfileSelector (518)
[2017.12.01-13.52.10:437][105]LogModuleManager: Shutting down and abandoning module HardwareSurvey (516)
[2017.12.01-13.52.10:437][105]LogModuleManager: Shutting down and abandoning module SequenceRecorderSections (514)
[2017.12.01-13.52.10:448][105]LogModuleManager: Shutting down and abandoning module AutomationWorker (512)
[2017.12.01-13.52.10:464][105]LogModuleManager: Shutting down and abandoning module MatineeToLevelSequence (510)
[2017.12.01-13.52.10:476][105]LogModuleManager: Shutting down and abandoning module LevelSequenceEditor (508)
[2017.12.01-13.52.10:555][105]LogModuleManager: Shutting down and abandoning module PlacementMode (507)
[2017.12.01-13.52.10:555][105]LogModuleManager: Shutting down and abandoning module WmfMediaFactory (504)
[2017.12.01-13.52.10:555][105]LogModuleManager: Shutting down and abandoning module WmfMediaEditor (502)
[2017.12.01-13.52.10:555][105]LogModuleManager: Shutting down and abandoning module OpenExrWrapper (500)
[2017.12.01-13.52.10:555][105]LogModuleManager: Shutting down and abandoning module ImgMediaFactory (498)
[2017.12.01-13.52.10:555][105]LogModuleManager: Shutting down and abandoning module ImgMediaEditor (496)
[2017.12.01-13.52.10:555][105]LogModuleManager: Shutting down and abandoning module AvfMediaFactory (494)
[2017.12.01-13.52.10:555][105]LogModuleManager: Shutting down and abandoning module AvfMediaEditor (492)
[2017.12.01-13.52.10:555][105]LogModuleManager: Shutting down and abandoning module AndroidMediaFactory (490)
[2017.12.01-13.52.10:555][105]LogModuleManager: Shutting down and abandoning module AndroidMediaEditor (488)
[2017.12.01-13.52.10:555][105]LogModuleManager: Shutting down and abandoning module CharacterAI (486)
[2017.12.01-13.52.10:555][105]LogModuleManager: Shutting down and abandoning module AudioCapture (484)
[2017.12.01-13.52.10:571][105]LogModuleManager: Shutting down and abandoning module SequenceRecorder (483)
[2017.12.01-13.52.10:587][105]LogModuleManager: Shutting down and abandoning module SmartSnapping (480)
[2017.12.01-13.52.10:587][105]LogModuleManager: Shutting down and abandoning module SessionServices (478)
[2017.12.01-13.52.10:587][105]LogModuleManager: Shutting down and abandoning module ViewportSnapping (476)
[2017.12.01-13.52.10:587][105]LogModuleManager: Shutting down and abandoning module ViewportInteraction (474)
[2017.12.01-13.52.10:587][105]LogModuleManager: Shutting down and abandoning module ClothPainter (472)
[2017.12.01-13.52.10:609][105]LogModuleManager: Shutting down and abandoning module SkeletalMeshEditor (471)
[2017.12.01-13.52.10:610][105]LogModuleManager: Shutting down and abandoning module LogVisualizer (468)
[2017.12.01-13.52.10:634][105]LogModuleManager: Shutting down and abandoning module IntroTutorials (466)
[2017.12.01-13.52.10:657][105]LogModuleManager: Shutting down and abandoning module GameProjectGeneration (465)
[2017.12.01-13.52.10:665][105]LogModuleManager: Shutting down and abandoning module IOSPlatformEditor (462)
[2017.12.01-13.52.10:688][105]LogModuleManager: Shutting down and abandoning module HTML5PlatformEditor (460)
[2017.12.01-13.52.10:688][105]LogModuleManager: Shutting down and abandoning module AndroidPlatformEditor (458)
[2017.12.01-13.52.10:688][105]LogModuleManager: Shutting down and abandoning module AndroidDeviceDetection (457)
[2017.12.01-13.52.10:789][105]LogModuleManager: Shutting down and abandoning module WindowsPlatformEditor (454)
[2017.12.01-13.52.10:789][105]LogModuleManager: Shutting down and abandoning module IOSRuntimeSettings (452)
[2017.12.01-13.52.10:789][105]LogModuleManager: Shutting down and abandoning module AndroidRuntimeSettings (450)
[2017.12.01-13.52.10:789][105]LogModuleManager: Shutting down and abandoning module InputBindingEditor (448)
[2017.12.01-13.52.10:811][105]LogModuleManager: Shutting down and abandoning module MergeActors (446)
[2017.12.01-13.52.10:838][105]LogModuleManager: Shutting down and abandoning module SizeMap (444)
[2017.12.01-13.52.10:838][105]LogModuleManager: Shutting down and abandoning module TreeMap (442)
[2017.12.01-13.52.10:883][105]LogModuleManager: Shutting down and abandoning module ReferenceViewer (440)
[2017.12.01-13.52.10:883][105]LogModuleManager: Shutting down and abandoning module LocalizationDashboard (438)
[2017.12.01-13.52.10:908][105]LogModuleManager: Shutting down and abandoning module LocalizationService (437)
[2017.12.01-13.52.10:926][105]LogModuleManager: Shutting down and abandoning module HardwareTargeting (434)
[2017.12.01-13.52.10:926][105]LogModuleManager: Shutting down and abandoning module DeviceProfileEditor (432)
[2017.12.01-13.52.10:926][105]LogModuleManager: Shutting down and abandoning module UndoHistory (430)
[2017.12.01-13.52.10:926][105]LogModuleManager: Shutting down and abandoning module XmlParser (428)
[2017.12.01-13.52.10:947][105]LogModuleManager: Shutting down and abandoning module Blutility (426)
[2017.12.01-13.52.10:947][105]LogModuleManager: Shutting down and abandoning module ProjectSettingsViewer (424)
[2017.12.01-13.52.10:947][105]LogModuleManager: Shutting down and abandoning module ProjectTargetPlatformEditor (423)
[2017.12.01-13.52.10:947][105]LogModuleManager: Shutting down and abandoning module EditorSettingsViewer (420)
[2017.12.01-13.52.10:947][105]LogModuleManager: Shutting down and abandoning module SettingsEditor (418)
[2017.12.01-13.52.10:971][105]LogModuleManager: Shutting down and abandoning module ProjectLauncher (416)
[2017.12.01-13.52.10:990][105]LogModuleManager: Shutting down and abandoning module SessionFrontend (414)
[2017.12.01-13.52.10:999][105]LogModuleManager: Shutting down and abandoning module ProfilerClient (412)
[2017.12.01-13.52.11:009][105]LogModuleManager: Shutting down and abandoning module DeviceManager (410)
[2017.12.01-13.52.11:019][105]LogModuleManager: Shutting down and abandoning module TargetDeviceServices (409)
[2017.12.01-13.52.11:073][105]LogModuleManager: Shutting down and abandoning module AutomationController (406)
[2017.12.01-13.52.11:094][105]LogModuleManager: Shutting down and abandoning module AutomationWindow (404)
[2017.12.01-13.52.11:118][105]LogModuleManager: Shutting down and abandoning module Layers (402)
[2017.12.01-13.52.11:149][105]LogModuleManager: Shutting down and abandoning module ComponentVisualizers (400)
[2017.12.01-13.52.11:149][105]LogModuleManager: Shutting down and abandoning module DetailCustomizations (398)
[2017.12.01-13.52.11:168][105]LogModuleManager: Shutting down and abandoning module PackagesDialog (396)
[2017.12.01-13.52.11:168][105]LogModuleManager: Shutting down and abandoning module Persona (394)
[2017.12.01-13.52.11:203][105]LogModuleManager: Shutting down and abandoning module AdvancedPreviewScene (393)
[2017.12.01-13.52.11:203][105]LogModuleManager: Shutting down and abandoning module AnimGraph (391)
[2017.12.01-13.52.11:203][105]LogModuleManager: Shutting down and abandoning module Kismet (388)
[2017.12.01-13.52.11:235][105]LogModuleManager: Shutting down and abandoning module ClassViewer (386)
[2017.12.01-13.52.11:235][105]LogModuleManager: Shutting down and abandoning module Toolbox (384)
[2017.12.01-13.52.11:235][105]LogModuleManager: Shutting down and abandoning module ModuleUI (382)
[2017.12.01-13.52.11:251][105]LogModuleManager: Shutting down and abandoning module MovieSceneTools (380)
[2017.12.01-13.52.11:271][105]LogModuleManager: Shutting down and abandoning module OutputLog (378)
[2017.12.01-13.52.11:275][105]LogModuleManager: Shutting down and abandoning module GammaUI (376)
[2017.12.01-13.52.11:289][105]LogModuleManager: Shutting down and abandoning module Documentation (374)
[2017.12.01-13.52.11:289][105]LogModuleManager: Shutting down and abandoning module MovieSceneTracks (372)
[2017.12.01-13.52.11:289][105]LogModuleManager: Shutting down and abandoning module MovieScene (370)
[2017.12.01-13.52.11:290][105]LogModuleManager: Shutting down and abandoning module StreamingPauseRendering (368)
[2017.12.01-13.52.11:290][105]LogModuleManager: Shutting down and abandoning module LauncherPlatform (366)
[2017.12.01-13.52.11:290][105]LogModuleManager: Shutting down and abandoning module AnalyticsET (364)
[2017.12.01-13.52.11:290][105]LogModuleManager: Shutting down and abandoning module PortalServices (362)
[2017.12.01-13.52.11:290][105]LogModuleManager: Shutting down and abandoning module PortalRpc (360)
[2017.12.01-13.52.11:290][105]LogModuleManager: Shutting down and abandoning module MessagingRpc (358)
[2017.12.01-13.52.11:290][105]LogModuleManager: Shutting down and abandoning module AIModule (356)
[2017.12.01-13.52.11:290][105]LogModuleManager: Shutting down and abandoning module GameplayDebugger (355)
[2017.12.01-13.52.11:290][105]LogModuleManager: Shutting down and abandoning module AITestSuite (353)
[2017.12.01-13.52.11:306][105]LogModuleManager: Shutting down and abandoning module DesktopPlatform (350)
[2017.12.01-13.52.11:306][105]LogModuleManager: Shutting down and abandoning module ProfilerService (348)
[2017.12.01-13.52.11:539][105]LogModuleManager: Shutting down and abandoning module TaskGraph (346)
[2017.12.01-13.52.11:565][105]LogModuleManager: Shutting down and abandoning module SteamVRController (344)
[2017.12.01-13.52.11:565][105]LogModuleManager: Shutting down and abandoning module ProceduralMeshComponentEditor (342)
[2017.12.01-13.52.11:565][105]LogModuleManager: Shutting down and abandoning module ProceduralMeshComponent (340)
[2017.12.01-13.52.11:581][105]LogModuleManager: Shutting down and abandoning module OculusInput (338)
[2017.12.01-13.52.11:590][105]LogModuleManager: Shutting down and abandoning module MobilePatchingUtils (336)
[2017.12.01-13.52.11:590][105]LogModuleManager: Shutting down and abandoning module CustomMeshComponent (334)
[2017.12.01-13.52.11:590][105]LogModuleManager: Shutting down and abandoning module CableComponent (332)
[2017.12.01-13.52.11:599][105]LogModuleManager: Shutting down and abandoning module ArchVisCharacter (330)
[2017.12.01-13.52.11:599][105]LogModuleManager: Shutting down and abandoning module AndroidPermission (328)
[2017.12.01-13.52.11:599][105]LogModuleManager: Shutting down and abandoning module ActorSequence (324)
[2017.12.01-13.52.11:599][105]LogModuleManager: Shutting down and abandoning module MediaPlayerEditor (322)
[2017.12.01-13.52.11:625][105]LogModuleManager: Shutting down and abandoning module MediaCompositingEditor (320)
[2017.12.01-13.52.11:625][105]LogModuleManager: Shutting down and abandoning module MediaCompositing (318)
[2017.12.01-13.52.11:625][105]LogModuleManager: Shutting down and abandoning module HTML5Networking (316)
[2017.12.01-13.52.11:625][105]LogModuleManager: Shutting down and abandoning module AlembicImporter (314)
[2017.12.01-13.52.11:638][105]LogModuleManager: Shutting down and abandoning module AlembicLibrary (313)
[2017.12.01-13.52.11:639][105]LogModuleManager: Shutting down and abandoning module GeometryCache (312)
[2017.12.01-13.52.11:639][105]LogModuleManager: Shutting down and abandoning module GeometryCacheEd (311)
[2017.12.01-13.52.11:639][105]LogModuleManager: Shutting down and abandoning module SpeedTreeImporter (306)
[2017.12.01-13.52.11:639][105]LogModuleManager: Shutting down and abandoning module PluginBrowser (304)
[2017.12.01-13.52.11:682][105]LogModuleManager: Shutting down and abandoning module MobileLauncherProfileWizard (302)
[2017.12.01-13.52.11:739][105]LogModuleManager: Shutting down and abandoning module VisualStudioSourceCodeAccess (300)
[2017.12.01-13.52.11:739][105]LogModuleManager: Shutting down and abandoning module VisualStudioCodeSourceCodeAccess (298)
[2017.12.01-13.52.11:739][105]LogModuleManager: Shutting down and abandoning module UObjectPlugin (296)
[2017.12.01-13.52.11:739][105]LogModuleManager: Shutting down and abandoning module SubversionSourceControl (294)
[2017.12.01-13.52.11:774][105]LogModuleManager: Shutting down and abandoning module PerforceSourceControl (292)
[2017.12.01-13.52.11:778][105]LogModuleManager: Shutting down and abandoning module GitSourceControl (290)
[2017.12.01-13.52.11:806][105]LogModuleManager: Shutting down and abandoning module SourceControl (289)
[2017.12.01-13.52.11:836][105]LogModuleManager: Shutting down and abandoning module LightPropagationVolumeEditor (286)
[2017.12.01-13.52.11:836][105]LogModuleManager: Shutting down and abandoning module PaperTiledImporter (284)
[2017.12.01-13.52.11:836][105]LogModuleManager: Shutting down and abandoning module PaperSpriteSheetImporter (282)
[2017.12.01-13.52.11:836][105]LogModuleManager: Shutting down and abandoning module Paper2DEditor (280)
[2017.12.01-13.52.11:863][105]LogModuleManager: Shutting down and abandoning module MeshPaint (279)
[2017.12.01-13.52.11:884][105]LogModuleManager: Shutting down and abandoning module LevelEditor (277)
[2017.12.01-13.52.11:886][105]LogModuleManager: Shutting down and abandoning module PixelInspectorModule (276)
[2017.12.01-13.52.11:910][105]LogModuleManager: Shutting down and abandoning module MainFrame (274)
[2017.12.01-13.52.11:916][105]LogModuleManager: Shutting down and abandoning module HotReload (273)
[2017.12.01-13.52.11:923][105]LogModuleManager: Shutting down and abandoning module RuntimePhysXCooking (268)
[2017.12.01-13.52.11:923][105]LogModuleManager: Shutting down and abandoning module PhysXVehiclesEditor (266)
[2017.12.01-13.52.11:924][105]LogModuleManager: Shutting down and abandoning module PhysXVehicles (264)
[2017.12.01-13.52.11:924][105]LogModuleManager: Shutting down and abandoning module OculusEditor (262)
[2017.12.01-13.52.11:924][105]LogModuleManager: Shutting down and abandoning module LocationServicesBPLibrary (260)
[2017.12.01-13.52.11:924][105]LogModuleManager: Shutting down and abandoning module ImmediatePhysicsEditor (258)
[2017.12.01-13.52.11:924][105]LogModuleManager: Shutting down and abandoning module ImmediatePhysics (256)
[2017.12.01-13.52.11:933][105]LogModuleManager: Shutting down and abandoning module UdpMessaging (254)
[2017.12.01-13.52.12:043][105]LogModuleManager: Shutting down and abandoning module TcpMessaging (252)
[2017.12.01-13.52.12:163][105]LogModuleManager: Shutting down and abandoning module GameplayTagsEditor (250)
[2017.12.01-13.52.12:191][105]LogModuleManager: Shutting down and abandoning module FacialAnimationEditor (248)
[2017.12.01-13.52.12:191][105]LogModuleManager: Shutting down and abandoning module FacialAnimation (246)
[2017.12.01-13.52.12:191][105]LogModuleManager: Shutting down and abandoning module AssetManagerEditor (244)
[2017.12.01-13.52.12:213][105]LogModuleManager: Shutting down and abandoning module GraphEditor (243)
[2017.12.01-13.52.12:265][105]LogModuleManager: Shutting down and abandoning module ContentBrowser (241)
[2017.12.01-13.52.12:266][105]LogModuleManager: Shutting down and abandoning module LightPropagationVolumeRuntime (238)
[2017.12.01-13.52.12:266][105]LogModuleManager: Shutting down and abandoning module Paper2D (236)
[2017.12.01-13.52.12:266][105]LogModuleManager: Shutting down and abandoning module WindowsMoviePlayer (234)
[2017.12.01-13.52.12:278][105]LogModuleManager: Shutting down and abandoning module WmfMedia (232)
[2017.12.01-13.52.12:311][105]LogModuleManager: Shutting down and abandoning module ImgMedia (230)
[2017.12.01-13.52.12:312][105]LogModuleManager: Shutting down and abandoning module PacketHandler (228)
[2017.12.01-13.52.12:312][105]LogModuleManager: Shutting down and abandoning module ClothingSystemEditor (226)
[2017.12.01-13.52.12:312][105]LogModuleManager: Shutting down and abandoning module ClothingSystemRuntime (224)
[2017.12.01-13.52.12:337][105]LogModuleManager: Shutting down and abandoning module MediaAssets (222)
[2017.12.01-13.52.12:338][105]LogModuleManager: Shutting down and abandoning module Media (221)
[2017.12.01-13.52.12:344][105]LogModuleManager: Shutting down and abandoning module Overlay (218)
[2017.12.01-13.52.12:344][105]LogModuleManager: Shutting down and abandoning module OverlayEditor (217)
[2017.12.01-13.52.12:344][105]LogModuleManager: Shutting down and abandoning module VREditor (214)
[2017.12.01-13.52.12:380][105]LogModuleManager: Shutting down and abandoning module StringTableEditor (212)
[2017.12.01-13.52.12:392][105]LogModuleManager: Shutting down and abandoning module GameplayTasksEditor (210)
[2017.12.01-13.52.12:392][105]LogModuleManager: Shutting down and abandoning module BehaviorTreeEditor (208)
[2017.12.01-13.52.12:413][105]LogModuleManager: Shutting down and abandoning module FunctionalTesting (206)
[2017.12.01-13.52.12:424][105]LogModuleManager: Shutting down and abandoning module CollisionAnalyzer (204)
[2017.12.01-13.52.12:447][105]LogModuleManager: Shutting down and abandoning module WorkspaceMenuStructure (203)
[2017.12.01-13.52.12:447][105]LogModuleManager: Shutting down and abandoning module UMG (200)
[2017.12.01-13.52.12:456][105]LogModuleManager: Shutting down and abandoning module UMGEditor (199)
[2017.12.01-13.52.12:478][105]LogModuleManager: Shutting down and abandoning module Sequencer (198)
[2017.12.01-13.52.12:500][105]LogModuleManager: Shutting down and abandoning module MessageLog (195)
[2017.12.01-13.52.12:500][105]LogModuleManager: Shutting down and abandoning module SlateReflector (190)
[2017.12.01-13.52.12:547][105]LogModuleManager: Shutting down and abandoning module Slate (188)
[2017.12.01-13.52.12:547][105]LogModuleManager: Shutting down and abandoning module EditorStyle (186)
[2017.12.01-13.52.12:549][105]LogModuleManager: Shutting down and abandoning module MRMesh (184)
[2017.12.01-13.52.12:549][105]LogModuleManager: Shutting down and abandoning module SourceCodeAccess (182)
[2017.12.01-13.52.12:549][105]LogModuleManager: Shutting down and abandoning module HeadMountedDisplay (180)
[2017.12.01-13.52.12:549][105]LogModuleManager: Shutting down and abandoning module XAudio2 (178)
[2017.12.01-13.52.12:549][105]LogModuleManager: Shutting down and abandoning module Networking (176)
[2017.12.01-13.52.12:549][105]LogModuleManager: Shutting down and abandoning module Core (172)
[2017.12.01-13.52.12:549][105]LogModuleManager: Shutting down and abandoning module LevelSequence (168)
[2017.12.01-13.52.12:568][105]LogModuleManager: Shutting down and abandoning module DirectoryWatcher (166)
[2017.12.01-13.52.12:569][105]LogModuleManager: Shutting down and abandoning module KismetCompiler (164)
[2017.12.01-13.52.12:569][105]LogModuleManager: Shutting down and abandoning module MeshUtilities (162)
[2017.12.01-13.52.12:584][105]LogModuleManager: Shutting down and abandoning module MeshMergeUtilities (161)
[2017.12.01-13.52.12:593][105]LogModuleManager: Shutting down and abandoning module MeshReductionInterface (160)
[2017.12.01-13.52.12:593][105]LogModuleManager: Shutting down and abandoning module SimplygonSwarm (159)
[2017.12.01-13.52.12:617][105]LogModuleManager: Shutting down and abandoning module SimplygonMeshReduction (157)
[2017.12.01-13.52.12:617][105]LogModuleManager: Shutting down and abandoning module QuadricMeshReduction (155)
[2017.12.01-13.52.12:629][105]LogModuleManager: Shutting down and abandoning module MaterialBaking (151)
[2017.12.01-13.52.12:653][105]LogModuleManager: Shutting down and abandoning module DerivedDataCache (148)
[2017.12.01-13.52.12:730][105]LogDerivedDataCache: Shutdown
[2017.12.01-13.52.12:731][105]LogModuleManager: Shutting down and abandoning module TargetPlatform (146)
[2017.12.01-13.52.12:731][105]LogModuleManager: Shutting down and abandoning module VulkanShaderFormat (145)
[2017.12.01-13.52.12:736][105]LogModuleManager: Shutting down and abandoning module ShaderFormatVectorVM (143)
[2017.12.01-13.52.12:751][105]LogModuleManager: Shutting down and abandoning module ShaderFormatOpenGL (141)
[2017.12.01-13.52.12:756][105]LogModuleManager: Shutting down and abandoning module ShaderFormatD3D (139)
[2017.12.01-13.52.12:786][105]LogModuleManager: Shutting down and abandoning module MetalShaderFormat (137)
[2017.12.01-13.52.12:810][105]LogModuleManager: Shutting down and abandoning module TextureFormatUncompressed (135)
[2017.12.01-13.52.12:810][105]LogModuleManager: Shutting down and abandoning module TextureFormatPVR (133)
[2017.12.01-13.52.12:810][105]LogModuleManager: Shutting down and abandoning module TextureFormatDXT (131)
[2017.12.01-13.52.12:810][105]LogModuleManager: Shutting down and abandoning module TextureFormatIntelISPCTexComp (129)
[2017.12.01-13.52.12:822][105]LogModuleManager: Shutting down and abandoning module TextureFormatASTC (127)
[2017.12.01-13.52.12:822][105]LogModuleManager: Shutting down and abandoning module ImageWrapper (126)
[2017.12.01-13.52.12:822][105]LogModuleManager: Shutting down and abandoning module TextureFormatAndroid (123)
[2017.12.01-13.52.12:822][105]LogModuleManager: Shutting down and abandoning module AudioFormatOpus (121)
[2017.12.01-13.52.12:822][105]LogModuleManager: Shutting down and abandoning module AudioFormatOgg (119)
[2017.12.01-13.52.12:822][105]LogModuleManager: Shutting down and abandoning module AudioFormatADPCM (117)
[2017.12.01-13.52.12:822][105]LogModuleManager: Shutting down and abandoning module LinuxTargetPlatform (115)
[2017.12.01-13.52.12:822][105]LogModuleManager: Shutting down and abandoning module LinuxServerTargetPlatform (113)
[2017.12.01-13.52.12:822][105]LogModuleManager: Shutting down and abandoning module LinuxNoEditorTargetPlatform (111)
[2017.12.01-13.52.12:822][105]LogModuleManager: Shutting down and abandoning module LinuxClientTargetPlatform (109)
[2017.12.01-13.52.12:822][105]LogModuleManager: Shutting down and abandoning module TVOSTargetPlatform (107)
[2017.12.01-13.52.12:822][105]LogModuleManager: Shutting down and abandoning module Messaging (105)
[2017.12.01-13.52.12:822][105]LogModuleManager: Shutting down and abandoning module IOSTargetPlatform (103)
[2017.12.01-13.52.12:822][105]LogModuleManager: Shutting down and abandoning module HTML5TargetPlatform (101)
[2017.12.01-13.52.12:822][105]LogModuleManager: Shutting down and abandoning module AndroidTargetPlatform (99)
[2017.12.01-13.52.12:822][105]LogModuleManager: Shutting down and abandoning module Android_PVRTCTargetPlatform (97)
[2017.12.01-13.52.12:823][105]LogModuleManager: Shutting down and abandoning module Android_MultiTargetPlatform (95)
[2017.12.01-13.52.12:823][105]LogModuleManager: Shutting down and abandoning module Android_ETC2TargetPlatform (93)
[2017.12.01-13.52.12:823][105]LogModuleManager: Shutting down and abandoning module Android_ETC1TargetPlatform (91)
[2017.12.01-13.52.12:823][105]LogModuleManager: Shutting down and abandoning module Android_DXTTargetPlatform (89)
[2017.12.01-13.52.12:823][105]LogModuleManager: Shutting down and abandoning module Android_ATCTargetPlatform (87)
[2017.12.01-13.52.12:823][105]LogModuleManager: Shutting down and abandoning module Android_ASTCTargetPlatform (85)
[2017.12.01-13.52.12:823][105]LogModuleManager: Shutting down and abandoning module WindowsTargetPlatform (83)
[2017.12.01-13.52.12:823][105]LogModuleManager: Shutting down and abandoning module WindowsServerTargetPlatform (81)
[2017.12.01-13.52.12:823][105]LogModuleManager: Shutting down and abandoning module WindowsNoEditorTargetPlatform (79)
[2017.12.01-13.52.12:823][105]LogModuleManager: Shutting down and abandoning module WindowsClientTargetPlatform (77)
[2017.12.01-13.52.12:823][105]LogModuleManager: Shutting down and abandoning module MacTargetPlatform (75)
[2017.12.01-13.52.12:823][105]LogModuleManager: Shutting down and abandoning module MacServerTargetPlatform (73)
[2017.12.01-13.52.12:823][105]LogModuleManager: Shutting down and abandoning module MacNoEditorTargetPlatform (71)
[2017.12.01-13.52.12:823][105]LogModuleManager: Shutting down and abandoning module MacClientTargetPlatform (69)
[2017.12.01-13.52.12:823][105]LogModuleManager: Shutting down and abandoning module AllDesktopTargetPlatform (67)
[2017.12.01-13.52.12:823][105]LogModuleManager: Shutting down and abandoning module InputCore (64)
[2017.12.01-13.52.12:823][105]LogModuleManager: Shutting down and abandoning module Settings (62)
[2017.12.01-13.52.12:823][105]LogModuleManager: Shutting down and abandoning module PhysXCooking (60)
[2017.12.01-13.52.12:823][105]LogModuleManager: Shutting down and abandoning module SteamVR (58)
[2017.12.01-13.52.12:823][105]LogModuleManager: Shutting down and abandoning module OculusHMD (56)
[2017.12.01-13.52.12:832][105]LogModuleManager: Shutting down and abandoning module ExampleDeviceProfileSelector (54)
[2017.12.01-13.52.12:832][105]LogModuleManager: Shutting down and abandoning module AppleARKit (52)
[2017.12.01-13.52.12:832][105]LogModuleManager: Shutting down and abandoning module AugmentedReality (51)
[2017.12.01-13.52.12:832][105]LogModuleManager: Shutting down and abandoning module OnlineBlueprintSupport (48)
[2017.12.01-13.52.12:832][105]LogModuleManager: Shutting down and abandoning module OnlineSubsystem (44)
[2017.12.01-13.52.12:845][105]LogModuleManager: Shutting down and abandoning module XMPP (43)
[2017.12.01-13.52.12:876][105]LogModuleManager: Shutting down and abandoning module HTTP (41)
[2017.12.01-13.52.12:876][105]LogHttp: Display: Http module shutting down, but needs to wait on 1 outstanding Http requests:
[2017.12.01-13.52.12:894][105]LogHttp: Display: 	verb=[POST] url=[https://datarouter.ol.epicgames.com/datarouter/api/v1/public/data?SessionID=%7B4AA61A0C-4B8E-2843-EA3C-7F834A87ACED%7D&AppID=UEEditor.Rocket.Release&AppVersion=4.18.1-3754814%2B%2B%2BUE4%2BRelease-4.18&UserID=1f1d0aff489d9b754f419f87a56cdc4d%7C365bfacecb6b49a5aadd8f8b69ffd593%7C0fa980d5-e80d-422c-8eeb-b1e68e9e0ae2&AppEnvironment=datacollector-binary&UploadType=eteventstream] status=Processing
[2017.12.01-13.52.12:915][105]LogModuleManager: Shutting down and abandoning module SSL (40)
[2017.12.01-13.52.12:929][105]LogModuleManager: Shutting down and abandoning module AnimationModifiers (36)
[2017.12.01-13.52.12:945][105]LogModuleManager: Shutting down and abandoning module PropertyEditor (35)
[2017.12.01-13.52.12:945][105]LogModuleManager: Shutting down and abandoning module AudioEditor (32)
[2017.12.01-13.52.12:955][105]LogModuleManager: Shutting down and abandoning module TextureCompressor (30)
[2017.12.01-13.52.12:955][105]LogModuleManager: Shutting down and abandoning module ShaderCore (28)
[2017.12.01-13.52.12:955][105]LogModuleManager: Shutting down and abandoning module Landscape (26)
[2017.12.01-13.52.12:955][105]LogModuleManager: Shutting down and abandoning module SlateRHIRenderer (24)
[2017.12.01-13.52.12:979][105]LogModuleManager: Shutting down and abandoning module OpenGLDrv (22)
[2017.12.01-13.52.12:997][105]LogModuleManager: Shutting down and abandoning module D3D11RHI (20)
[2017.12.01-13.52.12:997][105]LogModuleManager: Shutting down and abandoning module AnimGraphRuntime (18)
[2017.12.01-13.52.13:003][105]LogModuleManager: Shutting down and abandoning module Renderer (16)
[2017.12.01-13.52.13:003][105]LogModuleManager: Shutting down and abandoning module Engine (14)
[2017.12.01-13.52.13:018][105]LogModuleManager: Shutting down and abandoning module CoreUObject (12)
[2017.12.01-13.52.13:018][105]LogModuleManager: Shutting down and abandoning module NetworkFile (10)
[2017.12.01-13.52.13:032][105]LogModuleManager: Shutting down and abandoning module CookedIterativeFile (8)
[2017.12.01-13.52.13:032][105]LogModuleManager: Shutting down and abandoning module StreamingFile (6)
[2017.12.01-13.52.13:048][105]LogModuleManager: Shutting down and abandoning module SandboxFile (4)
[2017.12.01-13.52.13:071][105]LogModuleManager: Shutting down and abandoning module PakFile (2)
[2017.12.01-13.52.13:091][105]LogExit: Exiting.
[2017.12.01-13.52.13:106][105]Log file closed, 12/01/17 08:52:13
