Log file open, 11/14/17 13:51:40
LogWindows: Failed to load 'aqProf.dll' (GetLastError=126)
LogWindows: File 'aqProf.dll' does not exist
LogWindows: Failed to load 'VtuneApi.dll' (GetLastError=126)
LogWindows: File 'VtuneApi.dll' does not exist
LogWindows: Failed to load 'VtuneApi32e.dll' (GetLastError=126)
LogWindows: File 'VtuneApi32e.dll' does not exist
LogInit: Display: Running engine for game: Crosswind
LogPlatformFile: Not using cached read wrapper
LogInit: Display: RandInit(1988548409) SRandInit(1988548409).
LogInit: Read version file with build ID '3709383'
LogInit: Overriding engine version to CL 3709383, compatible CL 3709383
LogInit: Registered custom module enumerator with build ID '3709383'
LogInit: Warning: Passing commandline switches using / instead of - has been deprecated and will be removed in future versions of Unreal Engine.
LogTaskGraph: Started task graph with 5 named threads and 17 total threads with 3 sets of task threads.
LogStats: Stats thread started at 0.216429
LogD3D11RHI: Aftermath initialized
LogInit: Warning: Passing commandline switches using / instead of - has been deprecated and will be removed in future versions of Unreal Engine.
LogModuleManager: Display: Found up-to-date module file ../../../Engine/Plugins/2D/Paper2D/Binaries/Win64/UE4Editor-Paper2D.dll (API version 3709383).
LogModuleManager: Display: Found up-to-date module file ../../../Engine/Plugins/2D/Paper2D/Binaries/Win64/UE4Editor-Paper2DEditor.dll (API version 3709383).
LogModuleManager: Display: Found up-to-date module file ../../../Engine/Plugins/2D/Paper2D/Binaries/Win64/UE4Editor-PaperSpriteSheetImporter.dll (API version 3709383).
LogModuleManager: Display: Found up-to-date module file ../../../Engine/Plugins/2D/Paper2D/Binaries/Win64/UE4Editor-PaperTiledImporter.dll (API version 3709383).
LogModuleManager: Display: Found up-to-date module file ../../../Engine/Plugins/2D/Paper2D/Binaries/Win64/UE4Editor-SmartSnapping.dll (API version 3709383).
LogModuleManager: Display: Found up-to-date module file ../../../Engine/Plugins/Blendables/LightPropagationVolume/Binaries/Win64/UE4Editor-LightPropagationVolumeRuntime.dll (API version 3709383).
LogModuleManager: Display: Found up-to-date module file ../../../Engine/Plugins/Blendables/LightPropagationVolume/Binaries/Win64/UE4Editor-LightPropagationVolumeEditor.dll (API version 3709383).
LogModuleManager: Display: Found up-to-date module file ../../../Engine/Plugins/Developer/GitSourceControl/Binaries/Win64/UE4Editor-GitSourceControl.dll (API version 3709383).
LogModuleManager: Display: Found up-to-date module file ../../../Engine/Plugins/Developer/PerforceSourceControl/Binaries/Win64/UE4Editor-PerforceSourceControl.dll (API version 3709383).
LogModuleManager: Display: Found up-to-date module file ../../../Engine/Plugins/Developer/SubversionSourceControl/Binaries/Win64/UE4Editor-SubversionSourceControl.dll (API version 3709383).
LogModuleManager: Display: Found up-to-date module file ../../../Engine/Plugins/Developer/UObjectPlugin/Binaries/Win64/UE4Editor-UObjectPlugin.dll (API version 3709383).
LogModuleManager: Display: Found up-to-date module file ../../../Engine/Plugins/Developer/VisualStudioCodeSourceCodeAccess/Binaries/Win64/UE4Editor-VisualStudioCodeSourceCodeAccess.dll (API version 3709383).
LogModuleManager: Display: Found up-to-date module file ../../../Engine/Plugins/Developer/VisualStudioSourceCodeAccess/Binaries/Win64/UE4Editor-VisualStudioSourceCodeAccess.dll (API version 3709383).
LogModuleManager: Display: Found up-to-date module file ../../../Engine/Plugins/Editor/AssetManagerEditor/Binaries/Win64/UE4Editor-AssetManagerEditor.dll (API version 3709383).
LogModuleManager: Display: Found up-to-date module file ../../../Engine/Plugins/Editor/AudioCapture/Binaries/Win64/UE4Editor-AudioCapture.dll (API version 3709383).
LogModuleManager: Display: Found up-to-date module file ../../../Engine/Plugins/Editor/FacialAnimation/Binaries/Win64/UE4Editor-FacialAnimation.dll (API version 3709383).
LogModuleManager: Display: Found up-to-date module file ../../../Engine/Plugins/Editor/FacialAnimation/Binaries/Win64/UE4Editor-FacialAnimationEditor.dll (API version 3709383).
LogModuleManager: Display: Found up-to-date module file ../../../Engine/Plugins/Editor/GameplayTagsEditor/Binaries/Win64/UE4Editor-GameplayTagsEditor.dll (API version 3709383).
LogModuleManager: Display: Found up-to-date module file ../../../Engine/Plugins/Editor/MobileLauncherProfileWizard/Binaries/Win64/UE4Editor-MobileLauncherProfileWizard.dll (API version 3709383).
LogModuleManager: Display: Found up-to-date module file ../../../Engine/Plugins/Editor/PluginBrowser/Binaries/Win64/UE4Editor-PluginBrowser.dll (API version 3709383).
LogModuleManager: Display: Found up-to-date module file ../../../Engine/Plugins/Editor/SpeedTreeImporter/Binaries/Win64/UE4Editor-SpeedTreeImporter.dll (API version 3709383).
LogModuleManager: Display: Found up-to-date module file ../../../Engine/Plugins/Experimental/AlembicImporter/Binaries/Win64/UE4Editor-AlembicImporter.dll (API version 3709383).
LogModuleManager: Display: Found up-to-date module file ../../../Engine/Plugins/Experimental/AlembicImporter/Binaries/Win64/UE4Editor-AlembicLibrary.dll (API version 3709383).
LogModuleManager: Display: Found up-to-date module file ../../../Engine/Plugins/Experimental/CharacterAI/Binaries/Win64/UE4Editor-CharacterAI.dll (API version 3709383).
LogModuleManager: Display: Found up-to-date module file ../../../Engine/Plugins/Experimental/HTML5Networking/Binaries/Win64/UE4Editor-HTML5Networking.dll (API version 3709383).
LogModuleManager: Display: Found up-to-date module file ../../../Engine/Plugins/Media/AndroidMedia/Binaries/Win64/UE4Editor-AndroidMediaEditor.dll (API version 3709383).
LogModuleManager: Display: Found up-to-date module file ../../../Engine/Plugins/Media/AndroidMedia/Binaries/Win64/UE4Editor-AndroidMediaFactory.dll (API version 3709383).
LogModuleManager: Display: Found up-to-date module file ../../../Engine/Plugins/Media/AvfMedia/Binaries/Win64/UE4Editor-AvfMediaEditor.dll (API version 3709383).
LogModuleManager: Display: Found up-to-date module file ../../../Engine/Plugins/Media/AvfMedia/Binaries/Win64/UE4Editor-AvfMediaFactory.dll (API version 3709383).
LogModuleManager: Display: Found up-to-date module file ../../../Engine/Plugins/Media/AvfMedia/Binaries/Win64/UE4Editor-AvfMediaFactory.dll (API version 3709383).
LogModuleManager: Display: Found up-to-date module file ../../../Engine/Plugins/Media/ImgMedia/Binaries/Win64/UE4Editor-ImgMedia.dll (API version 3709383).
LogModuleManager: Display: Found up-to-date module file ../../../Engine/Plugins/Media/ImgMedia/Binaries/Win64/UE4Editor-ImgMediaEditor.dll (API version 3709383).
LogModuleManager: Display: Found up-to-date module file ../../../Engine/Plugins/Media/ImgMedia/Binaries/Win64/UE4Editor-ImgMediaFactory.dll (API version 3709383).
LogModuleManager: Display: Found up-to-date module file ../../../Engine/Plugins/Media/ImgMedia/Binaries/Win64/UE4Editor-ImgMediaFactory.dll (API version 3709383).
LogModuleManager: Display: Found up-to-date module file ../../../Engine/Plugins/Media/ImgMedia/Binaries/Win64/UE4Editor-OpenExrWrapper.dll (API version 3709383).
LogModuleManager: Display: Found up-to-date module file ../../../Engine/Plugins/Media/MediaCompositing/Binaries/Win64/UE4Editor-MediaCompositing.dll (API version 3709383).
LogModuleManager: Display: Found up-to-date module file ../../../Engine/Plugins/Media/MediaCompositing/Binaries/Win64/UE4Editor-MediaCompositingEditor.dll (API version 3709383).
LogModuleManager: Display: Found up-to-date module file ../../../Engine/Plugins/Media/MediaPlayerEditor/Binaries/Win64/UE4Editor-MediaPlayerEditor.dll (API version 3709383).
LogModuleManager: Display: Found up-to-date module file ../../../Engine/Plugins/Media/WmfMedia/Binaries/Win64/UE4Editor-WmfMedia.dll (API version 3709383).
LogModuleManager: Display: Found up-to-date module file ../../../Engine/Plugins/Media/WmfMedia/Binaries/Win64/UE4Editor-WmfMediaEditor.dll (API version 3709383).
LogModuleManager: Display: Found up-to-date module file ../../../Engine/Plugins/Media/WmfMedia/Binaries/Win64/UE4Editor-WmfMediaFactory.dll (API version 3709383).
LogModuleManager: Display: Found up-to-date module file ../../../Engine/Plugins/Media/WmfMedia/Binaries/Win64/UE4Editor-WmfMediaFactory.dll (API version 3709383).
LogModuleManager: Display: Found up-to-date module file ../../../Engine/Plugins/Messaging/TcpMessaging/Binaries/Win64/UE4Editor-TcpMessaging.dll (API version 3709383).
LogModuleManager: Display: Found up-to-date module file ../../../Engine/Plugins/Messaging/UdpMessaging/Binaries/Win64/UE4Editor-UdpMessaging.dll (API version 3709383).
LogModuleManager: Display: Found up-to-date module file ../../../Engine/Plugins/MovieScene/ActorSequence/Binaries/Win64/UE4Editor-ActorSequence.dll (API version 3709383).
LogModuleManager: Display: Found up-to-date module file ../../../Engine/Plugins/MovieScene/LevelSequenceEditor/Binaries/Win64/UE4Editor-LevelSequenceEditor.dll (API version 3709383).
LogModuleManager: Display: Found up-to-date module file ../../../Engine/Plugins/MovieScene/MatineeToLevelSequence/Binaries/Win64/UE4Editor-MatineeToLevelSequence.dll (API version 3709383).
LogModuleManager: Display: Found up-to-date module file ../../../Engine/Plugins/Online/OnlineSubsystem/Binaries/Win64/UE4Editor-OnlineSubsystem.dll (API version 3709383).
LogModuleManager: Display: Found up-to-date module file ../../../Engine/Plugins/Runtime/AndroidPermission/Binaries/Win64/UE4Editor-AndroidPermission.dll (API version 3709383).
LogModuleManager: Display: Found up-to-date module file ../../../Engine/Plugins/Online/OnlineSubsystemNull/Binaries/Win64/UE4Editor-OnlineSubsystemNull.dll (API version 3709383).
LogModuleManager: Display: Found up-to-date module file ../../../Engine/Plugins/Online/OnlineSubsystemUtils/Binaries/Win64/UE4Editor-OnlineSubsystemUtils.dll (API version 3709383).
LogModuleManager: Display: Found up-to-date module file ../../../Engine/Plugins/Online/OnlineSubsystemUtils/Binaries/Win64/UE4Editor-OnlineBlueprintSupport.dll (API version 3709383).
LogModuleManager: Display: Found up-to-date module file ../../../Engine/Plugins/Runtime/AndroidDeviceProfileSelector/Binaries/Win64/UE4Editor-AndroidDeviceProfileSelector.dll (API version 3709383).
LogModuleManager: Display: Found up-to-date module file ../../../Engine/Plugins/Runtime/AppleARKit/Binaries/Win64/UE4Editor-AppleARKit.dll (API version 3709383).
LogModuleManager: Display: Found up-to-date module file ../../../Engine/Plugins/Runtime/ArchVisCharacter/Binaries/Win64/UE4Editor-ArchVisCharacter.dll (API version 3709383).
LogModuleManager: Display: Found up-to-date module file ../../../Engine/Plugins/Runtime/CableComponent/Binaries/Win64/UE4Editor-CableComponent.dll (API version 3709383).
LogModuleManager: Display: Found up-to-date module file ../../../Engine/Plugins/Runtime/CustomMeshComponent/Binaries/Win64/UE4Editor-CustomMeshComponent.dll (API version 3709383).
LogModuleManager: Display: Found up-to-date module file ../../../Engine/Plugins/Runtime/ExampleDeviceProfileSelector/Binaries/Win64/UE4Editor-ExampleDeviceProfileSelector.dll (API version 3709383).
LogModuleManager: Display: Found up-to-date module file ../../../Engine/Plugins/Runtime/ImmediatePhysics/Binaries/Win64/UE4Editor-ImmediatePhysics.dll (API version 3709383).
LogModuleManager: Display: Found up-to-date module file ../../../Engine/Plugins/Runtime/ImmediatePhysics/Binaries/Win64/UE4Editor-ImmediatePhysicsEditor.dll (API version 3709383).
LogModuleManager: Display: Found up-to-date module file ../../../Engine/Plugins/Runtime/LocationServicesBPLibrary/Binaries/Win64/UE4Editor-LocationServicesBPLibrary.dll (API version 3709383).
LogModuleManager: Display: Found up-to-date module file ../../../Engine/Plugins/Runtime/MobilePatchingUtils/Binaries/Win64/UE4Editor-MobilePatchingUtils.dll (API version 3709383).
LogModuleManager: Display: Found up-to-date module file ../../../Engine/Plugins/Runtime/Oculus/OculusVR/Binaries/Win64/UE4Editor-OculusHMD.dll (API version 3709383).
LogModuleManager: Display: Found up-to-date module file ../../../Engine/Plugins/Runtime/Oculus/OculusVR/Binaries/Win64/UE4Editor-OculusInput.dll (API version 3709383).
LogModuleManager: Display: Found up-to-date module file ../../../Engine/Plugins/Runtime/Oculus/OculusVR/Binaries/Win64/UE4Editor-OculusEditor.dll (API version 3709383).
LogModuleManager: Display: Found up-to-date module file ../../../Engine/Plugins/Runtime/PhysXVehicles/Binaries/Win64/UE4Editor-PhysXVehicles.dll (API version 3709383).
LogModuleManager: Display: Found up-to-date module file ../../../Engine/Plugins/Runtime/PhysXVehicles/Binaries/Win64/UE4Editor-PhysXVehiclesEditor.dll (API version 3709383).
LogModuleManager: Display: Found up-to-date module file ../../../Engine/Plugins/Runtime/ProceduralMeshComponent/Binaries/Win64/UE4Editor-ProceduralMeshComponent.dll (API version 3709383).
LogModuleManager: Display: Found up-to-date module file ../../../Engine/Plugins/Runtime/ProceduralMeshComponent/Binaries/Win64/UE4Editor-ProceduralMeshComponentEditor.dll (API version 3709383).
LogModuleManager: Display: Found up-to-date module file ../../../Engine/Plugins/Runtime/RuntimePhysXCooking/Binaries/Win64/UE4Editor-RuntimePhysXCooking.dll (API version 3709383).
LogModuleManager: Display: Found up-to-date module file ../../../Engine/Plugins/Runtime/Steam/SteamVR/Binaries/Win64/UE4Editor-SteamVR.dll (API version 3709383).
LogModuleManager: Display: Found up-to-date module file ../../../Engine/Plugins/Runtime/Steam/SteamVR/Binaries/Win64/UE4Editor-SteamVRController.dll (API version 3709383).
LogModuleManager: Display: Found up-to-date module file ../../../Engine/Plugins/Runtime/WindowsMoviePlayer/Binaries/Win64/UE4Editor-WindowsMoviePlayer.dll (API version 3709383).
LogPluginManager: Mounting plugin Paper2D
LogPluginManager: Mounting plugin LightPropagationVolume
LogPluginManager: Mounting plugin CodeLiteSourceCodeAccess
LogPluginManager: Mounting plugin GitSourceControl
LogPluginManager: Mounting plugin KDevelopSourceCodeAccess
LogPluginManager: Mounting plugin NullSourceCodeAccess
LogPluginManager: Mounting plugin PerforceSourceControl
LogPluginManager: Mounting plugin SubversionSourceControl
LogPluginManager: Mounting plugin UObjectPlugin
LogPluginManager: Mounting plugin VisualStudioCodeSourceCodeAccess
LogPluginManager: Mounting plugin VisualStudioSourceCodeAccess
LogPluginManager: Mounting plugin XCodeSourceCodeAccess
LogPluginManager: Mounting plugin AssetManagerEditor
LogPluginManager: Mounting plugin AudioCapture
LogPluginManager: Mounting plugin FacialAnimation
LogPluginManager: Mounting plugin GameplayTagsEditor
LogPluginManager: Mounting plugin MobileLauncherProfileWizard
LogPluginManager: Mounting plugin PluginBrowser
LogPluginManager: Mounting plugin SpeedTreeImporter
LogPluginManager: Mounting plugin AlembicImporter
LogPluginManager: Mounting plugin CharacterAI
LogPluginManager: Mounting plugin HTML5Networking
LogPluginManager: Mounting plugin AndroidMedia
LogPluginManager: Mounting plugin AvfMedia
LogPluginManager: Mounting plugin ImgMedia
LogPluginManager: Mounting plugin MediaCompositing
LogPluginManager: Mounting plugin MediaPlayerEditor
LogPluginManager: Mounting plugin WmfMedia
LogPluginManager: Mounting plugin TcpMessaging
LogPluginManager: Mounting plugin UdpMessaging
LogPluginManager: Mounting plugin ActorSequence
LogPluginManager: Mounting plugin LevelSequenceEditor
LogPluginManager: Mounting plugin MatineeToLevelSequence
LogPluginManager: Mounting plugin OnlineSubsystemGooglePlay
LogPluginManager: Mounting plugin OnlineSubsystemIOS
LogPluginManager: Mounting plugin OnlineSubsystem
LogPluginManager: Mounting plugin OnlineSubsystemNull
LogPluginManager: Mounting plugin OnlineSubsystemUtils
LogPluginManager: Mounting plugin AndroidDeviceProfileSelector
LogPluginManager: Mounting plugin AndroidMoviePlayer
LogPluginManager: Mounting plugin AndroidPermission
LogPluginManager: Mounting plugin AppleARKit
LogPluginManager: Mounting plugin AppleMoviePlayer
LogPluginManager: Mounting plugin ArchVisCharacter
LogPluginManager: Mounting plugin CableComponent
LogPluginManager: Mounting plugin CustomMeshComponent
LogPluginManager: Mounting plugin ExampleDeviceProfileSelector
LogPluginManager: Mounting plugin GoogleCloudMessaging
LogPluginManager: Mounting plugin ImmediatePhysics
LogPluginManager: Mounting plugin IOSDeviceProfileSelector
LogPluginManager: Mounting plugin LinuxDeviceProfileSelector
LogPluginManager: Mounting plugin LocationServicesBPLibrary
LogPluginManager: Mounting plugin MobilePatchingUtils
LogPluginManager: Mounting plugin OculusVR
LogPluginManager: Plugin shader directory ../../../Engine/Plugins/Runtime/Oculus/OculusVR/Shaders found
LogPluginManager: Mapping shader source directory ../../../Engine/Plugins/Runtime/Oculus/OculusVR/Shaders to virtual directory /Plugin/OculusVR
LogPluginManager: Mounting plugin PhysXVehicles
LogPluginManager: Mounting plugin ProceduralMeshComponent
LogPluginManager: Mounting plugin RuntimePhysXCooking
LogPluginManager: Mounting plugin SteamVR
LogPluginManager: Mounting plugin WindowsMoviePlayer
LogInit: Using libcurl 7.47.1
LogInit:  - built for x86_64-pc-win32
LogInit:  - supports SSL with OpenSSL/1.0.2g
LogInit:  - supports HTTP deflate (compression) using libz 1.2.8
LogInit:  - other features:
LogInit:      CURL_VERSION_SSL
LogInit:      CURL_VERSION_LIBZ
LogInit:      CURL_VERSION_IPV6
LogInit:      CURL_VERSION_ASYNCHDNS
LogInit:      CURL_VERSION_LARGEFILE
LogInit:      CURL_VERSION_IDN
LogInit:  CurlRequestOptions (configurable via config and command line):
LogInit:  - bVerifyPeer = false  - Libcurl will NOT verify peer certificate
LogInit:  - bUseHttpProxy = false  - Libcurl will NOT use HTTP proxy
LogInit:  - bDontReuseConnections = false  - Libcurl will reuse connections
LogInit:  - CertBundlePath = nullptr  - Libcurl will use whatever was configured at build time.
LogInit: Build: ++UE4+Release-4.18-CL-3709383
LogInit: Engine Version: 4.18.0-3709383+++UE4+Release-4.18
LogInit: Compatible Engine Version: 4.18.0-3709383+++UE4+Release-4.18
LogInit: Net CL: 3709383
LogDevObjectVersion: Number of dev versions registered: 16
LogDevObjectVersion:   Dev-Blueprints (B0D832E4-1F89-4F0D-ACCF-7EB736FD4AA2): 10
LogDevObjectVersion:   Dev-Build (E1C64328-A22C-4D53-A36C-8E866417BD8C): 0
LogDevObjectVersion:   Dev-Core (375EC13C-06E4-48FB-B500-84F0262A717E): 2
LogDevObjectVersion:   Dev-Editor (E4B068ED-F494-42E9-A231-DA0B2E46BB41): 20
LogDevObjectVersion:   Dev-Framework (CFFC743F-43B0-4480-9391-14DF171D2073): 30
LogDevObjectVersion:   Dev-Mobile (B02B49B5-BB20-44E9-A304-32B752E40360): 0
LogDevObjectVersion:   Dev-Networking (A4E4105C-59A1-49B5-A7C5-40C4547EDFEE): 0
LogDevObjectVersion:   Dev-Online (39C831C9-5AE6-47DC-9A44-9C173E1C8E7C): 0
LogDevObjectVersion:   Dev-Physics (78F01B33-EBEA-4F98-B9B4-84EACCB95AA2): 0
LogDevObjectVersion:   Dev-Platform (6631380F-2D4D-43E0-8009-CF276956A95A): 0
LogDevObjectVersion:   Dev-Rendering (12F88B9F-8875-4AFC-A67C-D90C383ABD29): 20
LogDevObjectVersion:   Dev-Sequencer (7B5AE74C-D270-4C10-A958-57980B212A5A): 4
LogDevObjectVersion:   Dev-VR (D7296918-1DD6-4BDD-9DE2-64A83CC13884): 0
LogDevObjectVersion:   Dev-LoadTimes (C2A15278-BFE7-4AFE-6C17-90FF531DF755): 1
LogDevObjectVersion:   Private-Geometry (6EACA3D4-40EC-4CC1-B786-8BED09428FC5): 1
LogDevObjectVersion:   Dev-AnimPhys (29E575DD-E0A3-4627-9D10-D276232CDCEA): 12
LogInit: Compiled (64-bit): Oct 20 2017 10:39:19
LogInit: Compiled with Visual C++: 19.00.24215.01
LogInit: Build Configuration: Development
LogInit: Branch Name: ++UE4+Release-4.18
LogInit: Command line:  /Game/Crosswind -game -PIEVIACONSOLE -ResX=1280 -ResY=720  -Multiprocess -messaging -SessionName="Play in Standalone Game" -featureleveles2 -faketouches -windowed 
LogInit: Base directory: D:/Official/UE_4.18/Engine/Binaries/Win64/
LogInit: Installed Engine Build: 1
LogInit: Presizing for max 8388607 objects, including 0 objects not considered by GC, pre-allocating 0 bytes for permanent pool.
LogInit: Object subsystem initialized
[2017.11.14-18.51.42:255][  0]LogInit: Selected Device Profile: [Windows]
[2017.11.14-18.51.42:255][  0]LogInit: Applying CVar settings loaded from the selected device profile: [Windows]
[2017.11.14-18.51.42:262][  0]LogInit: Computer: W00130
[2017.11.14-18.51.42:262][  0]LogInit: User: AaronJones
[2017.11.14-18.51.42:262][  0]LogInit: CPU Page size=4096, Cores=6
[2017.11.14-18.51.42:262][  0]LogInit: High frequency timer resolution =3.322196 MHz
[2017.11.14-18.51.42:263][  0]LogMemory: Memory total: Physical=31.9GB (32GB approx)
[2017.11.14-18.51.42:263][  0]LogMemory: Platform Memory Stats for Windows
[2017.11.14-18.51.42:263][  0]LogMemory: Process Physical Memory: 272.78 MB used, 272.78 MB peak
[2017.11.14-18.51.42:263][  0]LogMemory: Process Virtual Memory: 270.32 MB used, 270.32 MB peak
[2017.11.14-18.51.42:263][  0]LogMemory: Physical Memory: 14981.55 MB used,  17725.76 MB free, 32707.31 MB total
[2017.11.14-18.51.42:263][  0]LogMemory: Virtual Memory: 648.71 MB used,  17725.76 MB free, 134217728.00 MB total
[2017.11.14-18.51.42:422][  0]LogInit: Using OS detected language (en-US).
[2017.11.14-18.51.42:422][  0]LogInit: Using OS detected locale (en-US).
[2017.11.14-18.51.42:429][  0]LogTextLocalizationManager: No specific localization for 'en-US' exists, so the 'en' localization will be used.
[2017.11.14-18.51.43:338][  0]LogD3D11RHI: D3D11 adapters:
[2017.11.14-18.51.44:036][  0]LogD3D11RHI:    0. 'NVIDIA GeForce GTX TITAN Black' (Feature Level 11_0)
[2017.11.14-18.51.44:036][  0]LogD3D11RHI:       6106/0/16353 MB DedicatedVideo/DedicatedSystem/SharedSystem, Outputs:2, VendorId:0x10de
[2017.11.14-18.51.44:037][  0]LogD3D11RHI:    1. 'Microsoft Basic Render Driver' (Feature Level 11_0)
[2017.11.14-18.51.44:037][  0]LogD3D11RHI:       0/0/16353 MB DedicatedVideo/DedicatedSystem/SharedSystem, Outputs:0, VendorId:0x1414
[2017.11.14-18.51.44:037][  0]LogD3D11RHI: Chosen D3D11 Adapter: 0
[2017.11.14-18.51.44:059][  0]LogD3D11RHI: Creating new Direct3DDevice
[2017.11.14-18.51.44:059][  0]LogD3D11RHI:     GPU DeviceId: 0x100c (for the marketing name, search the web for "GPU Device Id")
[2017.11.14-18.51.44:059][  0]LogWindows: EnumDisplayDevices:
[2017.11.14-18.51.44:059][  0]LogWindows:    0. 'NVIDIA GeForce GTX TITAN Black' (P:1 D:1)
[2017.11.14-18.51.44:059][  0]LogWindows:    1. 'NVIDIA GeForce GTX TITAN Black' (P:0 D:1)
[2017.11.14-18.51.44:059][  0]LogWindows:    2. 'NVIDIA GeForce GTX TITAN Black' (P:0 D:0)
[2017.11.14-18.51.44:060][  0]LogWindows:    3. 'NVIDIA GeForce GTX TITAN Black' (P:0 D:0)
[2017.11.14-18.51.44:060][  0]LogWindows: DebugString: FoundDriverCount:4 
[2017.11.14-18.51.44:060][  0]LogD3D11RHI:     Adapter Name: NVIDIA GeForce GTX TITAN Black
[2017.11.14-18.51.44:060][  0]LogD3D11RHI:   Driver Version: 385.69 (internal:22.21.13.8569, unified:385.69)
[2017.11.14-18.51.44:060][  0]LogD3D11RHI:      Driver Date: 9-16-2017
[2017.11.14-18.51.44:060][  0]LogRHI: Texture pool is 4274 MB (70% of 6106 MB)
[2017.11.14-18.51.44:696][  0]LogD3D11RHI: Async texture creation enabled
[2017.11.14-18.51.44:741][  0]LogD3D11RHI: GPU Timing Frequency: 1000.000000 (Debug: 2 1)
[2017.11.14-18.51.44:786][  0]LogShaderCompilers: Guid format shader working directory is 30 characters bigger than the processId version (../../../../Crosswind/Intermediate/Shaders/WorkingDirectory/11508/).
[2017.11.14-18.51.44:787][  0]LogShaderCompilers: Cleaned the shader compiler working directory 'C:/Users/aaron.jones/AppData/Local/Temp/UnrealShaderWorkingDir/B484341848CE86585AED368750A7C3A7/'.
[2017.11.14-18.51.44:787][  0]LogShaderCompilers: Display: Using Local Shader Compiler.
[2017.11.14-18.51.46:299][  0]LogTemp: Display: Loaded TP WindowsClientTargetPlatform
[2017.11.14-18.51.46:357][  0]LogTemp: Display: Loaded TP WindowsNoEditorTargetPlatform
[2017.11.14-18.51.46:410][  0]LogTemp: Display: Loaded TP WindowsServerTargetPlatform
[2017.11.14-18.51.46:469][  0]LogTemp: Display: Loaded TP WindowsTargetPlatform
[2017.11.14-18.51.46:469][  0]LogTargetPlatformManager: Display: Building Assets For Windows
[2017.11.14-18.51.47:455][  0]LogDerivedDataCache: Display: Max Cache Size: 512 MB
[2017.11.14-18.51.47:728][  0]LogDerivedDataCache: Loaded boot cache 0.27s 78MB C:/Users/aaron.jones/AppData/Local/UnrealEngine/4.18/DerivedDataCache/Boot.ddc.
[2017.11.14-18.51.47:728][  0]LogDerivedDataCache: Display: Loaded Boot cache: C:/Users/aaron.jones/AppData/Local/UnrealEngine/4.18/DerivedDataCache/Boot.ddc
[2017.11.14-18.51.47:728][  0]LogDerivedDataCache: FDerivedDataBackendGraph:  Pak pak cache file ../../../../Crosswind/DerivedDataCache/DDC.ddp not found, will not use a pak cache.
[2017.11.14-18.51.47:728][  0]LogDerivedDataCache: Unable to find inner node Pak for hierarchical cache Hierarchy.
[2017.11.14-18.51.47:728][  0]LogDerivedDataCache: FDerivedDataBackendGraph:  CompressedPak pak cache file ../../../../Crosswind/DerivedDataCache/Compressed.ddp not found, will not use a pak cache.
[2017.11.14-18.51.47:728][  0]LogDerivedDataCache: Unable to find inner node CompressedPak for hierarchical cache Hierarchy.
[2017.11.14-18.51.47:746][  0]LogDerivedDataCache: Display: Pak cache opened for reading ../../../Engine/DerivedDataCache/Compressed.ddp.
[2017.11.14-18.51.47:758][  0]LogDerivedDataCache: Using Local data cache path C:/Users/aaron.jones/AppData/Local/UnrealEngine/Common/DerivedDataCache: Writable
[2017.11.14-18.51.47:759][  0]LogMaterial: Verifying Global Shaders for PCD3D_ES2
[2017.11.14-18.51.48:437][  0]LogSlate: Using Freetype 2.6.0
[2017.11.14-18.51.48:471][  0]LogSlate: SlateFontCache - WITH_FREETYPE: 1, WITH_HARFBUZZ: 1
[2017.11.14-18.51.48:471][  0]LogSlate: SlateFontCache - WITH_FREETYPE: 1, WITH_HARFBUZZ: 1
[2017.11.14-18.51.54:564][  0]LogAssetRegistry: FAssetRegistry took 0.0092 seconds to start up
[2017.11.14-18.51.54:594][  0]LogPackageLocalizationCache: Processed 7 localized package path(s) for 2 prioritized culture(s) in 0.029713 seconds
[2017.11.14-18.51.54:916][  0]LogInit: Selected Device Profile: [Windows]
[2017.11.14-18.51.55:002][  0]LogMaterial: Missing cached shader map for material WorldGridMaterial, compiling. Is special engine material.
[2017.11.14-18.52.18:337][  0]LogMaterial: Missing cached shader map for material DefaultDeferredDecalMaterial, compiling. 
[2017.11.14-18.52.23:026][  0]LogMaterial: Missing cached shader map for material DefaultLightFunctionMaterial, compiling. 
[2017.11.14-18.52.23:206][  0]LogMaterial: Missing cached shader map for material DefaultPostProcessMaterial, compiling. 
[2017.11.14-18.52.23:623][  0]LogMaterial: Missing cached shader map for material MatineeCam_mat, compiling. 
[2017.11.14-18.52.24:149][  0]LogSimplygon: Simplygon DLL not present - disabling.
[2017.11.14-18.52.24:218][  0]LogMeshReduction: Using SimplygonSwarm for distributed automatic mesh merging
[2017.11.14-18.52.24:218][  0]LogMeshReduction: Using QuadricMeshReduction for automatic static mesh reduction
[2017.11.14-18.52.24:218][  0]LogMeshReduction: No automatic skeletal mesh reduction module available
[2017.11.14-18.52.24:218][  0]LogMeshReduction: No automatic mesh merging module available
[2017.11.14-18.52.24:218][  0]LogMeshMerging: No automatic mesh merging module available
[2017.11.14-18.52.24:284][  0]LogNetVersion: Crosswind , NetCL: 3709383, EngineNetVer: 2, GameNetVer: 0 (Checksum: 1601605199)
[2017.11.14-18.52.24:307][  0]LogMaterial: Missing cached shader map for material HelpActorMaterial, compiling. 
[2017.11.14-18.52.24:409][  0]LogMaterial: Missing cached shader map for material DefaultTextMaterialOpaque, compiling. 
[2017.11.14-18.52.24:574][  0]LogMaterial: Missing cached shader map for material Xray, compiling. 
[2017.11.14-18.52.24:630][  0]LogMaterial: Missing cached shader map for material Main, compiling. 
[2017.11.14-18.52.24:776][  0]LogMaterial: Missing cached shader map for material SnapGridMaterial, compiling. 
[2017.11.14-18.52.24:827][  0]LogMaterial: Missing cached shader map for material TranslucentTransformGizmoMaterial, compiling. 
[2017.11.14-18.52.24:842][  0]LogMaterial: Missing cached shader map for material TransformGizmoMaterial, compiling. 
[2017.11.14-18.52.24:873][  0]LogInit: Warning: Passing commandline switches using / instead of - has been deprecated and will be removed in future versions of Unreal Engine.
[2017.11.14-18.52.24:873][  0]LogInit: Warning: Passing commandline switches using / instead of - has been deprecated and will be removed in future versions of Unreal Engine.
[2017.11.14-18.52.24:873][  0]LogInit: Warning: Passing commandline switches using / instead of - has been deprecated and will be removed in future versions of Unreal Engine.
[2017.11.14-18.52.24:892][  0]LogMaterial: Missing cached shader map for material CineMat, compiling. 
[2017.11.14-18.52.25:054][  0]LogMaterial: Missing cached shader map for material M_SimpleOpaque, compiling. 
[2017.11.14-18.52.25:126][  0]LogMaterial: Missing cached shader map for material M_SimpleTranslucent, compiling. 
[2017.11.14-18.52.25:272][  0]LogMaterial: Missing cached shader map for material Widget3DPassThrough, compiling. 
[2017.11.14-18.52.25:289][  0]LogMaterial: Missing cached shader map for material Widget3DPassThrough, compiling. 
[2017.11.14-18.52.25:312][  0]LogMaterial: Missing cached shader map for material Widget3DPassThrough, compiling. 
[2017.11.14-18.52.25:326][  0]LogMaterial: Missing cached shader map for material Widget3DPassThrough, compiling. 
[2017.11.14-18.52.25:337][  0]LogMaterial: Missing cached shader map for material Widget3DPassThrough, compiling. 
[2017.11.14-18.52.25:356][  0]LogMaterial: Missing cached shader map for material Widget3DPassThrough, compiling. 
[2017.11.14-18.52.25:506][  0]LogMaterial: Missing cached shader map for material SkySphereMaterial, compiling. 
[2017.11.14-18.52.25:526][  0]LogMaterial: Missing cached shader map for material FloorPlaneMaterial, compiling. 
[2017.11.14-18.52.25:705][  0]LogMaterial: Missing cached shader map for material LandscapeGizmo_Mat, compiling. 
[2017.11.14-18.52.25:740][  0]LogMaterial: Missing cached shader map for material LandscapeGizmoHeight_Mat, compiling. 
[2017.11.14-18.52.25:872][  0]LogMaterial: Missing cached shader map for material SplineEditorMeshMat, compiling. 
[2017.11.14-18.52.25:916][  0]LogMaterial: Missing cached shader map for material ARKitCameraMaterial, compiling. 
[2017.11.14-18.52.25:952][  0]LogMaterial: Missing cached shader map for material GearVRControllerMaterial, compiling. 
[2017.11.14-18.52.26:137][  0]LogInit: WinSock: version 1.1 (2.2), MaxSocks=32767, MaxUdp=65467
[2017.11.14-18.52.28:172][  0]LogMaterial: Missing cached shader map for material LaserPointerMaterial, compiling. 
[2017.11.14-18.52.28:183][  0]LogMaterial: Missing cached shader map for material GridMaterial, compiling. 
[2017.11.14-18.52.28:227][  0]LogMaterial: Missing cached shader map for material TeleportDirectionMaterial, compiling. 
[2017.11.14-18.52.28:323][  0]LogMaterial: Missing cached shader map for material OculusControllerMaterial, compiling. 
[2017.11.14-18.52.28:385][  0]LogMaterial: Missing cached shader map for material M_ContentWindow, compiling. 
[2017.11.14-18.52.28:456][  0]LogMaterial: Missing cached shader map for material KeyDiskMaterial, compiling. 
[2017.11.14-18.52.28:472][  0]LogMaterial: Missing cached shader map for material ArrowMaterial, compiling. 
[2017.11.14-18.52.28:545][  0]LogMaterial: Missing cached shader map for material VivePreControllerMaterial, compiling. 
[2017.11.14-18.52.28:609][  0]LogMaterial: Missing cached shader map for material VRTextMaterial, compiling. 
[2017.11.14-18.52.28:627][  0]LogMaterial: Missing cached shader map for material GridPostProcess, compiling. 
[2017.11.14-18.52.28:640][  0]LogMaterial: Missing cached shader map for material LaserPointerMaterial, compiling. 
[2017.11.14-18.52.28:671][  0]LogMaterial: Missing cached shader map for material GenericHMDMaterial, compiling. 
[2017.11.14-18.52.28:729][  0]LogMaterial: Missing cached shader map for material FlattenHeightMat, compiling. 
[2017.11.14-18.52.28:756][  0]LogMaterial: Missing cached shader map for material LineMaterial, compiling. 
[2017.11.14-18.52.28:774][  0]LogMaterial: Missing cached shader map for material VRTextMaterial, compiling. 
[2017.11.14-18.52.29:850][  0]LogMoviePlayer: Initializing movie player
[2017.11.14-18.52.30:340][  0]LogMaterial: Missing cached shader map for material DefaultSpriteMaterial, compiling. 
[2017.11.14-18.52.30:363][  0]LogMaterial: Missing cached shader map for material DefaultSpriteMaterial, compiling. 
[2017.11.14-18.52.30:774][  0]LogCollectionManager: Loaded 0 collections in 0.001712 seconds
[2017.11.14-18.52.30:841][  0]LogFileCache: Scanning file cache for directory 'D:/Official/Crosswind/Saved/Collections/' took 0.01s
[2017.11.14-18.52.30:841][  0]LogFileCache: Scanning file cache for directory 'D:/Official/Crosswind/Content/Developers/AaronJones/Collections/' took 0.01s
[2017.11.14-18.52.30:841][  0]LogFileCache: Scanning file cache for directory 'D:/Official/Crosswind/Content/Collections/' took 0.01s
[2017.11.14-18.52.30:841][  0]LogCollectionManager: Rebuilt the object cache for 0 collections in 0.000001 seconds (found 0 objects)
[2017.11.14-18.52.30:841][  0]LogCollectionManager: Fixed up redirectors for 0 collections in 0.000139 seconds (updated 0 objects)
[2017.11.14-18.52.31:283][  0]LogTcpMessaging: Initializing TcpMessaging bridge
[2017.11.14-18.52.31:377][  0]LogUdpMessaging: Initializing bridge on interface 0.0.0.0:0 to multicast group 230.0.0.1:6666.
[2017.11.14-18.52.31:969][  0]LogMaterial: Missing cached shader map for material DefaultMaterial, compiling. 
[2017.11.14-18.52.32:696][  0]LogInit: Warning: Passing commandline switches using / instead of - has been deprecated and will be removed in future versions of Unreal Engine.
[2017.11.14-18.52.32:706][  0]SourceControl: Source control is disabled
[2017.11.14-18.52.32:706][  0]SourceControl: Source control is disabled
[2017.11.14-18.52.32:855][  0]SourceControl: Source control is disabled
[2017.11.14-18.52.33:463][  0]LogMaterial: Missing cached shader map for material DefaultMediaPlaneMaterial, compiling. 
[2017.11.14-18.52.33:859][  0]LogAndroidPermission: UAndroidPermissionCallbackProxy::GetInstance
[2017.11.14-18.52.34:559][  0]LogOcInput: OculusInput pre-init called
[2017.11.14-18.52.34:843][  0]LogUObjectArray: 38953 objects as part of root set at end of initial load.
[2017.11.14-18.52.34:843][  0]LogUObjectAllocator: 8357512 out of 0 bytes used by permanent object pool.
[2017.11.14-18.52.34:843][  0]LogUObjectArray: CloseDisregardForGC: 0/0 objects in disregard for GC pool
[2017.11.14-18.52.35:096][  0]LogMaterial: Missing cached shader map for material HighResScreenshot, compiling. 
[2017.11.14-18.52.35:117][  0]LogMaterial: Missing cached shader map for material HighResScreenshotMask, compiling. 
[2017.11.14-18.52.35:144][  0]LogMaterial: Missing cached shader map for material HighResScreenshotCaptureRegion, compiling. 
[2017.11.14-18.52.35:192][  0]LogEngine: Initializing Engine...
[2017.11.14-18.52.35:196][  0]LogHMD: Failed to initialize OpenVR with code 110
[2017.11.14-18.52.35:204][  0]LogMaterial: Missing cached shader map for material WireframeMaterial, compiling. Is special engine material.
[2017.11.14-18.52.35:354][  0]LogMaterial: Missing cached shader map for material LevelColorationLitMaterial, compiling. Is special engine material.
[2017.11.14-18.52.36:123][  0]LogMaterial: Missing cached shader map for material LevelColorationUnlitMaterial, compiling. Is special engine material.
[2017.11.14-18.52.36:235][  0]LogMaterial: Missing cached shader map for material MAT_LevelColorationLitLightmapUV, compiling. Is special engine material.
[2017.11.14-18.52.37:033][  0]LogMaterial: Missing cached shader map for material ShadedLevelColorationLitMaterial, compiling. Is special engine material.
[2017.11.14-18.52.37:817][  0]LogMaterial: Missing cached shader map for material ShadedLevelColorationUnlitMateri, compiling. Is special engine material.
[2017.11.14-18.52.37:919][  0]LogMaterial: Missing cached shader map for material VertexColorMaterial, compiling. 
[2017.11.14-18.52.38:089][  0]LogMaterial: Missing cached shader map for material VertexColorViewMode_ColorOnly, compiling. 
[2017.11.14-18.52.38:110][  0]LogMaterial: Missing cached shader map for material VertexColorViewMode_AlphaAsColor, compiling. 
[2017.11.14-18.52.38:131][  0]LogMaterial: Missing cached shader map for material VertexColorViewMode_RedOnly, compiling. 
[2017.11.14-18.52.38:151][  0]LogMaterial: Missing cached shader map for material VertexColorViewMode_GreenOnly, compiling. 
[2017.11.14-18.52.38:171][  0]LogMaterial: Missing cached shader map for material VertexColorViewMode_BlueOnly, compiling. 
[2017.11.14-18.52.38:190][  0]LogMaterial: Missing cached shader map for material RemoveSurfaceMaterial, compiling. 
[2017.11.14-18.52.38:201][  0]LogMaterial: Missing cached shader map for material DebugMeshMaterial, compiling. 
[2017.11.14-18.52.38:228][  0]LogMaterial: Missing cached shader map for material M_InvalidLightmapSettings, compiling. 
[2017.11.14-18.52.38:337][  0]LogMaterial: Missing cached shader map for material GizmoMaterial, compiling. 
[2017.11.14-18.52.38:360][  0]LogMaterial: Missing cached shader map for material PhAT_JointLimitMaterial, compiling. 
[2017.11.14-18.52.38:492][  0]LogStats: UGameplayTagsManager::ConstructGameplayTagTree: Construct from data asset -  0.000 s
[2017.11.14-18.52.38:492][  0]LogStats: UGameplayTagsManager::ConstructGameplayTagTree: GameplayTagTreeChangedEvent.Broadcast -  0.000 s
[2017.11.14-18.52.38:536][  0]LogInit: XAudio2 using 'Speakers (Logitech G633 Gaming Headset)' : 6 channels at 44.1 kHz using 16 bits per sample (channel mask 0x3f)
[2017.11.14-18.52.38:601][  0]LogInit: FAudioDevice initialized.
[2017.11.14-18.52.38:633][  0]LogInit: Texture streaming: Enabled
[2017.11.14-18.52.38:639][  0]LogMaterial: Missing cached shader map for material BaseColor, compiling. 
[2017.11.14-18.52.38:653][  0]LogMaterial: Missing cached shader map for material CustomDepth, compiling. 
[2017.11.14-18.52.38:685][  0]LogMaterial: Uniform references updated for custom material expression Custom.
[2017.11.14-18.52.38:690][  0]LogMaterial: Missing cached shader map for material CustomStencil, compiling. 
[2017.11.14-18.52.38:706][  0]LogMaterial: Missing cached shader map for material FinalImage, compiling. 
[2017.11.14-18.52.38:722][  0]LogMaterial: Missing cached shader map for material LightingModel, compiling. 
[2017.11.14-18.52.38:738][  0]LogMaterial: Missing cached shader map for material MaterialAO, compiling. 
[2017.11.14-18.52.38:756][  0]LogMaterial: Missing cached shader map for material Metallic, compiling. 
[2017.11.14-18.52.38:769][  0]LogMaterial: Missing cached shader map for material Opacity, compiling. 
[2017.11.14-18.52.38:785][  0]LogMaterial: Missing cached shader map for material Roughness, compiling. 
[2017.11.14-18.52.38:803][  0]LogMaterial: Missing cached shader map for material SceneColor, compiling. 
[2017.11.14-18.52.38:818][  0]LogMaterial: Missing cached shader map for material SceneDepth, compiling. 
[2017.11.14-18.52.38:834][  0]LogMaterial: Missing cached shader map for material SeparateTranslucencyRGB, compiling. 
[2017.11.14-18.52.38:850][  0]LogMaterial: Missing cached shader map for material SeparateTranslucencyA, compiling. 
[2017.11.14-18.52.38:868][  0]LogMaterial: Missing cached shader map for material Specular, compiling. 
[2017.11.14-18.52.38:885][  0]LogMaterial: Missing cached shader map for material SubsurfaceColor, compiling. 
[2017.11.14-18.52.38:901][  0]LogMaterial: Missing cached shader map for material WorldNormal, compiling. 
[2017.11.14-18.52.38:918][  0]LogMaterial: Missing cached shader map for material AmbientOcclusion, compiling. 
[2017.11.14-18.52.38:944][  0]LogMaterial: Missing cached shader map for material CustomDepthWorldUnits, compiling. 
[2017.11.14-18.52.38:961][  0]LogMaterial: Missing cached shader map for material SceneDepthWorldUnits, compiling. 
[2017.11.14-18.52.38:978][  0]LogMaterial: Missing cached shader map for material PreTonemapHDRColor, compiling. 
[2017.11.14-18.52.38:998][  0]LogMaterial: Missing cached shader map for material PostTonemapHDRColor, compiling. 
[2017.11.14-18.52.39:599][  0]LogInit: Warning: Passing commandline switches using / instead of - has been deprecated and will be removed in future versions of Unreal Engine.
[2017.11.14-18.52.39:680][  0]LogInit: Display: Game Engine Initialized.
[2017.11.14-18.52.39:680][  0]LogGameplayTags: Display: UGameplayTagsManager::DoneAddingNativeTags. DelegateIsBound: 0
[2017.11.14-18.52.40:101][  0]LogInit: Display: Starting Game.
[2017.11.14-18.52.40:101][  0]LogNet: Browse: /Game/Crosswind?Name=Player
[2017.11.14-18.52.40:120][  0]LogLoad: LoadMap: /Game/Crosswind?Name=Player
[2017.11.14-18.52.40:477][  0]LogMaterial: Missing cached shader map for material M_Sky_Panning_Clouds2, compiling. 
[2017.11.14-18.52.40:739][  0]LogAIModule: Creating AISystem for world Crosswind
[2017.11.14-18.52.40:739][  0]LogLoad: Game class is 'GameModeBase'
[2017.11.14-18.52.40:982][  0]LogWorld: Bringing World /Game/Crosswind.Crosswind up for play (max tick rate 0) at 2017.11.14-13.52.40
[2017.11.14-18.52.40:983][  0]LogWorld: Bringing up level for play took: 0.003303
[2017.11.14-18.52.41:013][  0]LogLoad: Took 0.893666 seconds to LoadMap(/Game/Crosswind)
[2017.11.14-18.52.41:485][  0]LogRenderer: Reallocating scene render targets to support 1280x720 Format 10 NumSamples 1 (Frame:1).
[2017.11.14-18.52.41:485][  0]LogLoad: (Engine Initialization) Total time: 62.16 seconds
[2017.11.14-18.52.41:485][  0]LogLoad: (Engine Initialization) Total Blueprint compile time: 0.00 seconds
[2017.11.14-18.52.41:486][  0]LogExternalProfiler: No external profilers were discovered.  External profiling features will not be available.
[2017.11.14-18.52.41:516][  0]LogWindowsTextInputMethodSystem: Display: IME system now deactivated.
[2017.11.14-18.52.41:521][  0]LogContentStreaming: Texture pool size now 1000 MB
[2017.11.14-18.52.42:864][ 81]LogSlate: Took 0.000485 seconds to synchronously load lazily loaded font '../../../Engine/Content/Slate/Fonts/Roboto-Regular.ttf' (155K)
[2017.11.14-18.54.09:893][432]Closing by request
[2017.11.14-18.54.09:894][432]LogWindows: FPlatformMisc::RequestExit(0)
[2017.11.14-18.54.09:952][433]LogWindowsTextInputMethodSystem: Display: IME system now deactivated.
[2017.11.14-18.54.09:955][433]LogWindowsTextInputMethodSystem: Display: IME system now deactivated.
[2017.11.14-18.54.09:983][433]LogExit: Preparing to exit.
[2017.11.14-18.54.10:002][433]LogMoviePlayer: Shutting down movie player
[2017.11.14-18.54.10:715][433]LogExit: Game engine shut down
[2017.11.14-18.54.11:557][433]LogExit: Object subsystem successfully closed.
[2017.11.14-18.54.11:727][433]LogD3D11RHI: Shutdown
[2017.11.14-18.54.11:741][433]LogD3D11RHI: CleanupD3DDevice
[2017.11.14-18.54.11:805][433]LogD3D11RHI: ~FD3D11DynamicRHI
[2017.11.14-18.54.12:200][433]LogModuleManager: Shutting down and abandoning module SequenceRecorderSections (312)
[2017.11.14-18.54.12:200][433]LogModuleManager: Shutting down and abandoning module SequenceRecorder (310)
[2017.11.14-18.54.12:213][433]LogModuleManager: Shutting down and abandoning module AutomationController (308)
[2017.11.14-18.54.12:231][433]LogModuleManager: Shutting down and abandoning module AutomationWorker (306)
[2017.11.14-18.54.12:240][433]LogModuleManager: Shutting down and abandoning module AIModule (304)
[2017.11.14-18.54.12:240][433]LogModuleManager: Shutting down and abandoning module GameplayDebugger (303)
[2017.11.14-18.54.12:240][433]LogModuleManager: Shutting down and abandoning module AITestSuite (301)
[2017.11.14-18.54.12:261][433]LogModuleManager: Shutting down and abandoning module WmfMediaFactory (298)
[2017.11.14-18.54.12:261][433]LogModuleManager: Shutting down and abandoning module OpenExrWrapper (296)
[2017.11.14-18.54.12:261][433]LogModuleManager: Shutting down and abandoning module ImgMediaFactory (294)
[2017.11.14-18.54.12:261][433]LogModuleManager: Shutting down and abandoning module AvfMediaFactory (292)
[2017.11.14-18.54.12:261][433]LogModuleManager: Shutting down and abandoning module CharacterAI (290)
[2017.11.14-18.54.12:261][433]LogModuleManager: Shutting down and abandoning module SessionServices (288)
[2017.11.14-18.54.12:261][433]LogModuleManager: Shutting down and abandoning module MovieSceneCapture (286)
[2017.11.14-18.54.12:261][433]LogModuleManager: Shutting down and abandoning module MovieSceneTracks (284)
[2017.11.14-18.54.12:261][433]LogModuleManager: Shutting down and abandoning module MovieScene (282)
[2017.11.14-18.54.12:261][433]LogModuleManager: Shutting down and abandoning module GeometryCache (280)
[2017.11.14-18.54.12:261][433]LogModuleManager: Shutting down and abandoning module GeometryCacheEd (279)
[2017.11.14-18.54.12:261][433]LogModuleManager: Shutting down and abandoning module StreamingPauseRendering (276)
[2017.11.14-18.54.12:261][433]LogModuleManager: Shutting down and abandoning module PortalServices (274)
[2017.11.14-18.54.12:261][433]LogModuleManager: Shutting down and abandoning module PortalRpc (272)
[2017.11.14-18.54.12:262][433]LogModuleManager: Shutting down and abandoning module MessagingRpc (270)
[2017.11.14-18.54.12:262][433]LogModuleManager: Shutting down and abandoning module ProfilerService (268)
[2017.11.14-18.54.12:422][433]LogModuleManager: Shutting down and abandoning module TaskGraph (266)
[2017.11.14-18.54.12:437][433]LogModuleManager: Shutting down and abandoning module SteamVRController (264)
[2017.11.14-18.54.12:437][433]LogModuleManager: Shutting down and abandoning module ProceduralMeshComponent (262)
[2017.11.14-18.54.12:437][433]LogModuleManager: Shutting down and abandoning module OculusInput (260)
[2017.11.14-18.54.12:437][433]LogModuleManager: Shutting down and abandoning module MobilePatchingUtils (258)
[2017.11.14-18.54.12:437][433]LogModuleManager: Shutting down and abandoning module CustomMeshComponent (256)
[2017.11.14-18.54.12:437][433]LogModuleManager: Shutting down and abandoning module CableComponent (254)
[2017.11.14-18.54.12:437][433]LogModuleManager: Shutting down and abandoning module ArchVisCharacter (252)
[2017.11.14-18.54.12:437][433]LogModuleManager: Shutting down and abandoning module AndroidPermission (250)
[2017.11.14-18.54.12:437][433]LogModuleManager: Shutting down and abandoning module ActorSequence (246)
[2017.11.14-18.54.12:437][433]LogModuleManager: Shutting down and abandoning module MediaCompositing (244)
[2017.11.14-18.54.12:437][433]LogModuleManager: Shutting down and abandoning module HTML5Networking (242)
[2017.11.14-18.54.12:437][433]LogModuleManager: Shutting down and abandoning module VisualStudioSourceCodeAccess (240)
[2017.11.14-18.54.12:437][433]LogModuleManager: Shutting down and abandoning module HotReload (239)
[2017.11.14-18.54.12:437][433]LogModuleManager: Shutting down and abandoning module VisualStudioCodeSourceCodeAccess (236)
[2017.11.14-18.54.12:437][433]LogModuleManager: Shutting down and abandoning module UObjectPlugin (234)
[2017.11.14-18.54.12:437][433]LogModuleManager: Shutting down and abandoning module SubversionSourceControl (232)
[2017.11.14-18.54.12:459][433]LogModuleManager: Shutting down and abandoning module PerforceSourceControl (230)
[2017.11.14-18.54.12:475][433]LogModuleManager: Shutting down and abandoning module SourceControl (229)
[2017.11.14-18.54.12:504][433]LogModuleManager: Shutting down and abandoning module RuntimePhysXCooking (226)
[2017.11.14-18.54.12:504][433]LogModuleManager: Shutting down and abandoning module PhysXVehiclesEditor (224)
[2017.11.14-18.54.12:504][433]LogModuleManager: Shutting down and abandoning module PhysXVehicles (222)
[2017.11.14-18.54.12:504][433]LogModuleManager: Shutting down and abandoning module LocationServicesBPLibrary (220)
[2017.11.14-18.54.12:504][433]LogModuleManager: Shutting down and abandoning module ImmediatePhysicsEditor (218)
[2017.11.14-18.54.12:504][433]LogModuleManager: Shutting down and abandoning module ImmediatePhysics (216)
[2017.11.14-18.54.12:504][433]LogModuleManager: Shutting down and abandoning module UdpMessaging (214)
[2017.11.14-18.54.12:616][433]LogModuleManager: Shutting down and abandoning module TcpMessaging (212)
[2017.11.14-18.54.12:722][433]LogModuleManager: Shutting down and abandoning module GameplayTagsEditor (210)
[2017.11.14-18.54.12:722][433]LogModuleManager: Shutting down and abandoning module FacialAnimation (208)
[2017.11.14-18.54.12:722][433]LogModuleManager: Shutting down and abandoning module AssetManagerEditor (206)
[2017.11.14-18.54.12:742][433]LogModuleManager: Shutting down and abandoning module GraphEditor (205)
[2017.11.14-18.54.12:742][433]LogModuleManager: Shutting down and abandoning module ContentBrowser (203)
[2017.11.14-18.54.12:742][433]LogModuleManager: Shutting down and abandoning module CollectionManager (202)
[2017.11.14-18.54.12:753][433]LogDirectoryWatcher: A directory notification for 'D:/Official/Crosswind/Content/Collections/' was aborted.
[2017.11.14-18.54.12:753][433]LogDirectoryWatcher: A directory notification for 'D:/Official/Crosswind/Content/Developers/AaronJones/Collections/' was aborted.
[2017.11.14-18.54.12:753][433]LogDirectoryWatcher: A directory notification for 'D:/Official/Crosswind/Saved/Collections/' was aborted.
[2017.11.14-18.54.12:753][433]LogModuleManager: Shutting down and abandoning module DirectoryWatcher (201)
[2017.11.14-18.54.12:753][433]LogModuleManager: Shutting down and abandoning module LightPropagationVolumeRuntime (196)
[2017.11.14-18.54.12:754][433]LogModuleManager: Shutting down and abandoning module Paper2D (194)
[2017.11.14-18.54.12:754][433]LogModuleManager: Shutting down and abandoning module WindowsMoviePlayer (192)
[2017.11.14-18.54.12:754][433]LogModuleManager: Shutting down and abandoning module WmfMedia (190)
[2017.11.14-18.54.12:758][433]LogModuleManager: Shutting down and abandoning module ImgMedia (188)
[2017.11.14-18.54.12:758][433]LogModuleManager: Shutting down and abandoning module PacketHandler (186)
[2017.11.14-18.54.12:758][433]LogModuleManager: Shutting down and abandoning module ClothingSystemEditor (184)
[2017.11.14-18.54.12:758][433]LogModuleManager: Shutting down and abandoning module ClothingSystemRuntime (182)
[2017.11.14-18.54.12:784][433]LogModuleManager: Shutting down and abandoning module MediaAssets (180)
[2017.11.14-18.54.12:784][433]LogModuleManager: Shutting down and abandoning module Media (179)
[2017.11.14-18.54.12:791][433]LogModuleManager: Shutting down and abandoning module Overlay (176)
[2017.11.14-18.54.12:791][433]LogModuleManager: Shutting down and abandoning module OverlayEditor (175)
[2017.11.14-18.54.12:791][433]LogModuleManager: Shutting down and abandoning module VREditor (172)
[2017.11.14-18.54.12:803][433]LogModuleManager: Shutting down and abandoning module StringTableEditor (170)
[2017.11.14-18.54.12:803][433]LogModuleManager: Shutting down and abandoning module GameplayTasksEditor (168)
[2017.11.14-18.54.12:803][433]LogModuleManager: Shutting down and abandoning module BehaviorTreeEditor (166)
[2017.11.14-18.54.12:826][433]LogModuleManager: Shutting down and abandoning module FunctionalTesting (164)
[2017.11.14-18.54.12:826][433]LogModuleManager: Shutting down and abandoning module CollisionAnalyzer (162)
[2017.11.14-18.54.12:844][433]LogModuleManager: Shutting down and abandoning module WorkspaceMenuStructure (161)
[2017.11.14-18.54.12:844][433]LogModuleManager: Shutting down and abandoning module UMG (158)
[2017.11.14-18.54.12:844][433]LogModuleManager: Shutting down and abandoning module UMGEditor (157)
[2017.11.14-18.54.12:844][433]LogModuleManager: Shutting down and abandoning module Sequencer (156)
[2017.11.14-18.54.12:844][433]LogModuleManager: Shutting down and abandoning module MessageLog (153)
[2017.11.14-18.54.12:845][433]LogModuleManager: Shutting down and abandoning module SlateReflector (148)
[2017.11.14-18.54.12:884][433]LogModuleManager: Shutting down and abandoning module Slate (146)
[2017.11.14-18.54.12:884][433]LogModuleManager: Shutting down and abandoning module EditorStyle (144)
[2017.11.14-18.54.12:885][433]LogModuleManager: Shutting down and abandoning module MRMesh (142)
[2017.11.14-18.54.12:885][433]LogModuleManager: Shutting down and abandoning module Messaging (140)
[2017.11.14-18.54.12:885][433]LogModuleManager: Shutting down and abandoning module SourceCodeAccess (138)
[2017.11.14-18.54.12:885][433]LogModuleManager: Shutting down and abandoning module HeadMountedDisplay (136)
[2017.11.14-18.54.12:885][433]LogModuleManager: Shutting down and abandoning module XAudio2 (134)
[2017.11.14-18.54.12:885][433]LogModuleManager: Shutting down and abandoning module Networking (132)
[2017.11.14-18.54.12:886][433]LogModuleManager: Shutting down and abandoning module Core (128)
[2017.11.14-18.54.12:886][433]LogModuleManager: Shutting down and abandoning module LevelSequence (126)
[2017.11.14-18.54.12:886][433]LogModuleManager: Shutting down and abandoning module KismetCompiler (124)
[2017.11.14-18.54.12:886][433]LogModuleManager: Shutting down and abandoning module MeshUtilities (122)
[2017.11.14-18.54.12:913][433]LogModuleManager: Shutting down and abandoning module MeshMergeUtilities (121)
[2017.11.14-18.54.12:914][433]LogModuleManager: Shutting down and abandoning module MeshReductionInterface (120)
[2017.11.14-18.54.12:914][433]LogModuleManager: Shutting down and abandoning module SimplygonSwarm (119)
[2017.11.14-18.54.12:929][433]LogModuleManager: Shutting down and abandoning module SimplygonMeshReduction (117)
[2017.11.14-18.54.12:929][433]LogModuleManager: Shutting down and abandoning module QuadricMeshReduction (115)
[2017.11.14-18.54.12:929][433]LogModuleManager: Shutting down and abandoning module MaterialBaking (111)
[2017.11.14-18.54.12:948][433]LogModuleManager: Shutting down and abandoning module DerivedDataCache (106)
[2017.11.14-18.54.13:001][433]LogDerivedDataCache: Shutdown
[2017.11.14-18.54.13:001][433]LogModuleManager: Shutting down and abandoning module TargetPlatform (104)
[2017.11.14-18.54.13:001][433]LogModuleManager: Shutting down and abandoning module VulkanShaderFormat (103)
[2017.11.14-18.54.13:012][433]LogModuleManager: Shutting down and abandoning module ShaderFormatVectorVM (101)
[2017.11.14-18.54.13:027][433]LogModuleManager: Shutting down and abandoning module ShaderFormatOpenGL (99)
[2017.11.14-18.54.13:031][433]LogModuleManager: Shutting down and abandoning module ShaderFormatD3D (97)
[2017.11.14-18.54.13:031][433]LogModuleManager: Shutting down and abandoning module MetalShaderFormat (95)
[2017.11.14-18.54.13:042][433]LogModuleManager: Shutting down and abandoning module TextureFormatUncompressed (93)
[2017.11.14-18.54.13:042][433]LogModuleManager: Shutting down and abandoning module TextureFormatPVR (91)
[2017.11.14-18.54.13:042][433]LogModuleManager: Shutting down and abandoning module TextureFormatDXT (89)
[2017.11.14-18.54.13:042][433]LogModuleManager: Shutting down and abandoning module TextureFormatIntelISPCTexComp (87)
[2017.11.14-18.54.13:042][433]LogModuleManager: Shutting down and abandoning module TextureFormatASTC (85)
[2017.11.14-18.54.13:042][433]LogModuleManager: Shutting down and abandoning module ImageWrapper (84)
[2017.11.14-18.54.13:042][433]LogModuleManager: Shutting down and abandoning module TextureFormatAndroid (81)
[2017.11.14-18.54.13:042][433]LogModuleManager: Shutting down and abandoning module AudioFormatOpus (79)
[2017.11.14-18.54.13:042][433]LogModuleManager: Shutting down and abandoning module AudioFormatOgg (77)
[2017.11.14-18.54.13:042][433]LogModuleManager: Shutting down and abandoning module AudioFormatADPCM (75)
[2017.11.14-18.54.13:042][433]LogModuleManager: Shutting down and abandoning module WindowsTargetPlatform (73)
[2017.11.14-18.54.13:042][433]LogModuleManager: Shutting down and abandoning module WindowsServerTargetPlatform (71)
[2017.11.14-18.54.13:042][433]LogModuleManager: Shutting down and abandoning module WindowsNoEditorTargetPlatform (69)
[2017.11.14-18.54.13:042][433]LogModuleManager: Shutting down and abandoning module WindowsClientTargetPlatform (67)
[2017.11.14-18.54.13:042][433]LogModuleManager: Shutting down and abandoning module InputCore (64)
[2017.11.14-18.54.13:042][433]LogModuleManager: Shutting down and abandoning module Settings (62)
[2017.11.14-18.54.13:042][433]LogModuleManager: Shutting down and abandoning module PhysXCooking (60)
[2017.11.14-18.54.13:042][433]LogModuleManager: Shutting down and abandoning module SteamVR (58)
[2017.11.14-18.54.13:042][433]LogModuleManager: Shutting down and abandoning module OculusHMD (56)
[2017.11.14-18.54.13:050][433]LogModuleManager: Shutting down and abandoning module ExampleDeviceProfileSelector (54)
[2017.11.14-18.54.13:050][433]LogModuleManager: Shutting down and abandoning module AppleARKit (52)
[2017.11.14-18.54.13:050][433]LogModuleManager: Shutting down and abandoning module AugmentedReality (51)
[2017.11.14-18.54.13:050][433]LogModuleManager: Shutting down and abandoning module OnlineBlueprintSupport (48)
[2017.11.14-18.54.13:050][433]LogModuleManager: Shutting down and abandoning module OnlineSubsystem (44)
[2017.11.14-18.54.13:068][433]LogModuleManager: Shutting down and abandoning module XMPP (43)
[2017.11.14-18.54.13:101][433]LogModuleManager: Shutting down and abandoning module HTTP (41)
[2017.11.14-18.54.13:115][433]LogModuleManager: Shutting down and abandoning module SSL (40)
[2017.11.14-18.54.13:131][433]LogModuleManager: Shutting down and abandoning module AnimationModifiers (36)
[2017.11.14-18.54.13:148][433]LogModuleManager: Shutting down and abandoning module PropertyEditor (35)
[2017.11.14-18.54.13:148][433]LogModuleManager: Shutting down and abandoning module AudioEditor (32)
[2017.11.14-18.54.13:171][433]LogModuleManager: Shutting down and abandoning module TextureCompressor (30)
[2017.11.14-18.54.13:187][433]LogModuleManager: Shutting down and abandoning module ShaderCore (28)
[2017.11.14-18.54.13:187][433]LogModuleManager: Shutting down and abandoning module Landscape (26)
[2017.11.14-18.54.13:187][433]LogModuleManager: Shutting down and abandoning module SlateRHIRenderer (24)
[2017.11.14-18.54.13:212][433]LogModuleManager: Shutting down and abandoning module OpenGLDrv (22)
[2017.11.14-18.54.13:221][433]LogModuleManager: Shutting down and abandoning module D3D11RHI (20)
[2017.11.14-18.54.13:221][433]LogModuleManager: Shutting down and abandoning module AnimGraphRuntime (18)
[2017.11.14-18.54.13:221][433]LogModuleManager: Shutting down and abandoning module Renderer (16)
[2017.11.14-18.54.13:221][433]LogModuleManager: Shutting down and abandoning module Engine (14)
[2017.11.14-18.54.13:221][433]LogModuleManager: Shutting down and abandoning module CoreUObject (12)
[2017.11.14-18.54.13:221][433]LogModuleManager: Shutting down and abandoning module NetworkFile (10)
[2017.11.14-18.54.13:221][433]LogModuleManager: Shutting down and abandoning module CookedIterativeFile (8)
[2017.11.14-18.54.13:221][433]LogModuleManager: Shutting down and abandoning module StreamingFile (6)
[2017.11.14-18.54.13:221][433]LogModuleManager: Shutting down and abandoning module SandboxFile (4)
[2017.11.14-18.54.13:221][433]LogModuleManager: Shutting down and abandoning module PakFile (2)
[2017.11.14-18.54.13:249][433]LogExit: Exiting.
[2017.11.14-18.54.13:250][433]Log file closed, 11/14/17 13:54:13
